2024-07-05 18:36:07 INFO  FareCalculatorService - Calculated price: 22.34
2024-07-05 18:36:07 INFO  FareCalculatorService - Calculated price: 33.52
2024-07-05 18:36:07 INFO  FareCalculatorService - Calculated price: 0.49
2024-07-05 18:36:07 INFO  FareCalculatorService - Calculated price: 23.52
2024-07-05 18:36:07 INFO  FareCalculatorService - Calculated price: 0.74
2024-07-05 18:36:07 INFO  FareCalculatorService - Calculated price: 0.78
2024-07-05 18:36:07 INFO  FareCalculatorService - Calculated price: 0.52
2024-07-05 18:36:07 INFO  FareCalculatorService - Calculated price: 35.28
2024-07-05 18:36:08 INFO  DataBaseTestConfig - Creating DB connection
2024-07-05 18:36:09 INFO  DataBaseTestConfig - Closed Prepared Statement
2024-07-05 18:36:09 INFO  DataBaseTestConfig - Closed DB connection
2024-07-05 18:36:09 INFO  DataBaseTestConfig - Creating DB connection
2024-07-05 18:36:09 INFO  DataBaseTestConfig - Creating DB connection
2024-07-05 18:36:09 INFO  DataBaseTestConfig - Closed Result Set
2024-07-05 18:36:09 INFO  DataBaseTestConfig - Closed Prepared Statement
2024-07-05 18:36:09 INFO  DataBaseTestConfig - Closed DB connection
2024-07-05 18:36:09 INFO  DataBaseTestConfig - Creating DB connection
2024-07-05 18:36:09 INFO  DataBaseTestConfig - Closed Prepared Statement
2024-07-05 18:36:09 INFO  ParkingSpotDAO - Updated parking spot 1 to available: false
2024-07-05 18:36:09 INFO  DataBaseTestConfig - Closed DB connection
2024-07-05 18:36:09 INFO  ParkingService - Parking spot 1 set to unavailable: true
2024-07-05 18:36:09 INFO  DataBaseTestConfig - Creating DB connection
2024-07-05 18:36:09 INFO  DataBaseTestConfig - Creating DB connection
2024-07-05 18:36:09 INFO  DataBaseTestConfig - Creating DB connection
2024-07-05 18:36:09 INFO  DataBaseTestConfig - Creating DB connection
2024-07-05 18:36:09 INFO  DataBaseTestConfig - Closed Result Set
2024-07-05 18:36:09 INFO  DataBaseTestConfig - Closed Prepared Statement
2024-07-05 18:36:09 INFO  DataBaseTestConfig - Closed DB connection
2024-07-05 18:36:10 INFO  DataBaseTestConfig - Creating DB connection
2024-07-05 18:36:10 INFO  DataBaseTestConfig - Creating DB connection
2024-07-05 18:36:10 INFO  FareCalculatorService - Parking duration is less than or equal to 30 minutes. No charge.
2024-07-05 18:36:10 INFO  DataBaseTestConfig - Creating DB connection
2024-07-05 18:36:10 INFO  DataBaseTestConfig - Creating DB connection
2024-07-05 18:36:10 INFO  DataBaseTestConfig - Closed Prepared Statement
2024-07-05 18:36:10 INFO  ParkingSpotDAO - Updated parking spot 1 to available: true
2024-07-05 18:36:10 INFO  DataBaseTestConfig - Closed DB connection
2024-07-05 18:36:10 INFO  DataBaseTestConfig - Creating DB connection
2024-07-05 18:36:10 INFO  DataBaseTestConfig - Creating DB connection
2024-07-05 18:36:10 INFO  DataBaseTestConfig - Closed Result Set
2024-07-05 18:36:10 INFO  DataBaseTestConfig - Closed Prepared Statement
2024-07-05 18:36:10 INFO  DataBaseTestConfig - Closed DB connection
2024-07-05 18:36:10 INFO  DataBaseTestConfig - Creating DB connection
2024-07-05 18:36:10 INFO  DataBaseTestConfig - Creating DB connection
2024-07-05 18:36:11 INFO  DataBaseTestConfig - Closed Result Set
2024-07-05 18:36:11 INFO  DataBaseTestConfig - Closed Prepared Statement
2024-07-05 18:36:11 INFO  DataBaseTestConfig - Closed DB connection
2024-07-05 18:36:11 INFO  DataBaseTestConfig - Creating DB connection
2024-07-05 18:36:11 INFO  DataBaseTestConfig - Closed Prepared Statement
2024-07-05 18:36:11 INFO  ParkingSpotDAO - Updated parking spot 1 to available: false
2024-07-05 18:36:11 INFO  DataBaseTestConfig - Closed DB connection
2024-07-05 18:36:11 INFO  ParkingService - Parking spot 1 set to unavailable: true
2024-07-05 18:36:11 INFO  DataBaseTestConfig - Creating DB connection
2024-07-05 18:36:11 INFO  DataBaseTestConfig - Creating DB connection
2024-07-05 18:36:11 INFO  DataBaseTestConfig - Creating DB connection
2024-07-05 18:36:11 INFO  DataBaseTestConfig - Creating DB connection
2024-07-05 18:36:11 INFO  DataBaseTestConfig - Closed Result Set
2024-07-05 18:36:11 INFO  DataBaseTestConfig - Closed Prepared Statement
2024-07-05 18:36:11 INFO  DataBaseTestConfig - Closed DB connection
2024-07-05 18:36:12 INFO  DataBaseTestConfig - Creating DB connection
2024-07-05 18:36:12 INFO  DataBaseTestConfig - Creating DB connection
2024-07-05 18:36:12 INFO  FareCalculatorService - Parking duration is less than or equal to 30 minutes. No charge.
2024-07-05 18:36:12 INFO  DataBaseTestConfig - Creating DB connection
2024-07-05 18:36:12 INFO  DataBaseTestConfig - Creating DB connection
2024-07-05 18:36:12 INFO  DataBaseTestConfig - Closed Prepared Statement
2024-07-05 18:36:12 INFO  ParkingSpotDAO - Updated parking spot 1 to available: true
2024-07-05 18:36:12 INFO  DataBaseTestConfig - Closed DB connection
2024-07-05 18:36:12 INFO  DataBaseTestConfig - Creating DB connection
2024-07-05 18:36:12 INFO  DataBaseTestConfig - Creating DB connection
2024-07-05 18:36:12 INFO  DataBaseTestConfig - Closed Prepared Statement
2024-07-05 18:36:12 INFO  DataBaseTestConfig - Closed DB connection
2024-07-05 18:36:12 INFO  DataBaseTestConfig - Creating DB connection
2024-07-05 18:36:12 INFO  DataBaseTestConfig - Creating DB connection
2024-07-05 18:36:12 INFO  DataBaseTestConfig - Closed Result Set
2024-07-05 18:36:12 INFO  DataBaseTestConfig - Closed Prepared Statement
2024-07-05 18:36:12 INFO  DataBaseTestConfig - Closed DB connection
2024-07-05 18:36:12 INFO  DataBaseTestConfig - Creating DB connection
2024-07-05 18:36:12 INFO  DataBaseTestConfig - Closed Prepared Statement
2024-07-05 18:36:12 INFO  ParkingSpotDAO - Updated parking spot 1 to available: false
2024-07-05 18:36:12 INFO  DataBaseTestConfig - Closed DB connection
2024-07-05 18:36:12 INFO  ParkingService - Parking spot 1 set to unavailable: true
2024-07-05 18:36:12 INFO  DataBaseTestConfig - Creating DB connection
2024-07-05 18:36:12 INFO  DataBaseTestConfig - Creating DB connection
2024-07-05 18:36:12 INFO  DataBaseTestConfig - Creating DB connection
2024-07-05 18:36:12 INFO  DataBaseTestConfig - Creating DB connection
2024-07-05 18:36:12 INFO  DataBaseTestConfig - Closed Result Set
2024-07-05 18:36:12 INFO  DataBaseTestConfig - Closed Prepared Statement
2024-07-05 18:36:12 INFO  DataBaseTestConfig - Closed DB connection
2024-07-05 18:36:13 INFO  DataBaseTestConfig - Creating DB connection
2024-07-05 18:36:13 INFO  DataBaseTestConfig - Creating DB connection
2024-07-05 18:36:13 INFO  FareCalculatorService - Parking duration is less than or equal to 30 minutes. No charge.
2024-07-05 18:36:13 INFO  DataBaseTestConfig - Creating DB connection
2024-07-05 18:36:13 INFO  DataBaseTestConfig - Creating DB connection
2024-07-05 18:36:13 INFO  DataBaseTestConfig - Closed Prepared Statement
2024-07-05 18:36:13 INFO  ParkingSpotDAO - Updated parking spot 1 to available: true
2024-07-05 18:36:13 INFO  DataBaseTestConfig - Closed DB connection
2024-07-05 18:36:13 INFO  DataBaseTestConfig - Creating DB connection
2024-07-05 18:36:13 INFO  DataBaseTestConfig - Creating DB connection
2024-07-05 18:36:13 INFO  DataBaseTestConfig - Closed Result Set
2024-07-05 18:36:13 INFO  DataBaseTestConfig - Closed Prepared Statement
2024-07-05 18:36:13 INFO  DataBaseTestConfig - Closed DB connection
2024-07-05 18:36:13 INFO  DataBaseTestConfig - Creating DB connection
2024-07-05 18:36:13 INFO  DataBaseTestConfig - Closed Prepared Statement
2024-07-05 18:36:13 INFO  DataBaseTestConfig - Closed DB connection
2024-07-05 18:36:13 INFO  DataBaseTestConfig - Creating DB connection
2024-07-05 18:36:13 INFO  DataBaseTestConfig - Creating DB connection
2024-07-05 18:36:13 INFO  DataBaseTestConfig - Closed Result Set
2024-07-05 18:36:13 INFO  DataBaseTestConfig - Closed Prepared Statement
2024-07-05 18:36:13 INFO  DataBaseTestConfig - Closed DB connection
2024-07-05 18:36:13 INFO  DataBaseTestConfig - Creating DB connection
2024-07-05 18:36:13 INFO  DataBaseTestConfig - Closed Prepared Statement
2024-07-05 18:36:13 INFO  ParkingSpotDAO - Updated parking spot 1 to available: false
2024-07-05 18:36:13 INFO  DataBaseTestConfig - Closed DB connection
2024-07-05 18:36:13 INFO  ParkingService - Parking spot 1 set to unavailable: true
2024-07-05 18:36:13 INFO  DataBaseTestConfig - Creating DB connection
2024-07-05 18:36:13 INFO  DataBaseTestConfig - Creating DB connection
2024-07-05 18:36:13 INFO  DataBaseTestConfig - Creating DB connection
2024-07-05 18:36:13 INFO  DataBaseTestConfig - Creating DB connection
2024-07-05 18:36:13 INFO  DataBaseTestConfig - Closed Result Set
2024-07-05 18:36:13 INFO  DataBaseTestConfig - Closed Prepared Statement
2024-07-05 18:36:13 INFO  DataBaseTestConfig - Closed DB connection
2024-07-05 18:36:13 ERROR ParkingService - Error fetching next available parking slot
java.lang.Exception: Error fetching parking number from DB. Parking slots might be full
	at com.parkit.parkingsystem.service.ParkingService.getNextParkingNumberIfAvailable(ParkingService.java:124) ~[classes/:?]
	at com.parkit.parkingsystem.ParkingServiceTest.testGetNextParkingNumberIfAvailableParkingNumberNotFound(ParkingServiceTest.java:137) ~[test-classes/:?]
	at jdk.internal.reflect.NativeMethodAccessorImpl.invoke0(Native Method) ~[?:?]
	at jdk.internal.reflect.NativeMethodAccessorImpl.invoke(NativeMethodAccessorImpl.java:77) ~[?:?]
	at jdk.internal.reflect.DelegatingMethodAccessorImpl.invoke(DelegatingMethodAccessorImpl.java:43) ~[?:?]
	at java.lang.reflect.Method.invoke(Method.java:568) ~[?:?]
	at org.junit.platform.commons.util.ReflectionUtils.invokeMethod(ReflectionUtils.java:532) ~[junit-platform-commons-1.3.2.jar:1.3.2]
	at org.junit.jupiter.engine.execution.ExecutableInvoker.invoke(ExecutableInvoker.java:115) ~[junit-jupiter-engine-5.3.2.jar:5.3.2]
	at org.junit.jupiter.engine.descriptor.TestMethodTestDescriptor.lambda$invokeTestMethod$6(TestMethodTestDescriptor.java:171) ~[junit-jupiter-engine-5.3.2.jar:5.3.2]
	at org.junit.platform.engine.support.hierarchical.ThrowableCollector.execute(ThrowableCollector.java:72) ~[junit-platform-engine-1.3.2.jar:1.3.2]
	at org.junit.jupiter.engine.descriptor.TestMethodTestDescriptor.invokeTestMethod(TestMethodTestDescriptor.java:167) ~[junit-jupiter-engine-5.3.2.jar:5.3.2]
	at org.junit.jupiter.engine.descriptor.TestMethodTestDescriptor.execute(TestMethodTestDescriptor.java:114) ~[junit-jupiter-engine-5.3.2.jar:5.3.2]
	at org.junit.jupiter.engine.descriptor.TestMethodTestDescriptor.execute(TestMethodTestDescriptor.java:59) ~[junit-jupiter-engine-5.3.2.jar:5.3.2]
	at org.junit.platform.engine.support.hierarchical.NodeTestTask.lambda$executeRecursively$4(NodeTestTask.java:108) ~[junit-platform-engine-1.3.2.jar:1.3.2]
	at org.junit.platform.engine.support.hierarchical.ThrowableCollector.execute(ThrowableCollector.java:72) ~[junit-platform-engine-1.3.2.jar:1.3.2]
	at org.junit.platform.engine.support.hierarchical.NodeTestTask.executeRecursively(NodeTestTask.java:98) ~[junit-platform-engine-1.3.2.jar:1.3.2]
	at org.junit.platform.engine.support.hierarchical.NodeTestTask.execute(NodeTestTask.java:74) ~[junit-platform-engine-1.3.2.jar:1.3.2]
	at java.util.ArrayList.forEach(ArrayList.java:1511) ~[?:?]
	at org.junit.platform.engine.support.hierarchical.SameThreadHierarchicalTestExecutorService.invokeAll(SameThreadHierarchicalTestExecutorService.java:38) ~[junit-platform-engine-1.3.2.jar:1.3.2]
	at org.junit.platform.engine.support.hierarchical.NodeTestTask.lambda$executeRecursively$4(NodeTestTask.java:112) ~[junit-platform-engine-1.3.2.jar:1.3.2]
	at org.junit.platform.engine.support.hierarchical.ThrowableCollector.execute(ThrowableCollector.java:72) ~[junit-platform-engine-1.3.2.jar:1.3.2]
	at org.junit.platform.engine.support.hierarchical.NodeTestTask.executeRecursively(NodeTestTask.java:98) ~[junit-platform-engine-1.3.2.jar:1.3.2]
	at org.junit.platform.engine.support.hierarchical.NodeTestTask.execute(NodeTestTask.java:74) ~[junit-platform-engine-1.3.2.jar:1.3.2]
	at java.util.ArrayList.forEach(ArrayList.java:1511) ~[?:?]
	at org.junit.platform.engine.support.hierarchical.SameThreadHierarchicalTestExecutorService.invokeAll(SameThreadHierarchicalTestExecutorService.java:38) ~[junit-platform-engine-1.3.2.jar:1.3.2]
	at org.junit.platform.engine.support.hierarchical.NodeTestTask.lambda$executeRecursively$4(NodeTestTask.java:112) ~[junit-platform-engine-1.3.2.jar:1.3.2]
	at org.junit.platform.engine.support.hierarchical.ThrowableCollector.execute(ThrowableCollector.java:72) ~[junit-platform-engine-1.3.2.jar:1.3.2]
	at org.junit.platform.engine.support.hierarchical.NodeTestTask.executeRecursively(NodeTestTask.java:98) ~[junit-platform-engine-1.3.2.jar:1.3.2]
	at org.junit.platform.engine.support.hierarchical.NodeTestTask.execute(NodeTestTask.java:74) ~[junit-platform-engine-1.3.2.jar:1.3.2]
	at org.junit.platform.engine.support.hierarchical.SameThreadHierarchicalTestExecutorService.submit(SameThreadHierarchicalTestExecutorService.java:32) ~[junit-platform-engine-1.3.2.jar:1.3.2]
	at org.junit.platform.engine.support.hierarchical.HierarchicalTestExecutor.execute(HierarchicalTestExecutor.java:57) ~[junit-platform-engine-1.3.2.jar:1.3.2]
	at org.junit.platform.engine.support.hierarchical.HierarchicalTestEngine.execute(HierarchicalTestEngine.java:51) ~[junit-platform-engine-1.3.2.jar:1.3.2]
	at org.junit.platform.launcher.core.DefaultLauncher.execute(DefaultLauncher.java:220) ~[junit-platform-launcher-1.3.1.jar:1.3.1]
	at org.junit.platform.launcher.core.DefaultLauncher.lambda$execute$6(DefaultLauncher.java:188) ~[junit-platform-launcher-1.3.1.jar:1.3.1]
	at org.junit.platform.launcher.core.DefaultLauncher.withInterceptedStreams(DefaultLauncher.java:202) [junit-platform-launcher-1.3.1.jar:1.3.1]
	at org.junit.platform.launcher.core.DefaultLauncher.execute(DefaultLauncher.java:181) [junit-platform-launcher-1.3.1.jar:1.3.1]
	at org.junit.platform.launcher.core.DefaultLauncher.execute(DefaultLauncher.java:128) [junit-platform-launcher-1.3.1.jar:1.3.1]
	at org.apache.maven.surefire.junitplatform.JUnitPlatformProvider.invokeAllTests(JUnitPlatformProvider.java:150) [surefire-junit-platform-2.22.2.jar:2.22.2]
	at org.apache.maven.surefire.junitplatform.JUnitPlatformProvider.invoke(JUnitPlatformProvider.java:124) [surefire-junit-platform-2.22.2.jar:2.22.2]
	at org.apache.maven.surefire.booter.ForkedBooter.invokeProviderInSameClassLoader(ForkedBooter.java:384) [surefire-booter-2.22.2.jar:2.22.2]
	at org.apache.maven.surefire.booter.ForkedBooter.runSuitesInProcess(ForkedBooter.java:345) [surefire-booter-2.22.2.jar:2.22.2]
	at org.apache.maven.surefire.booter.ForkedBooter.execute(ForkedBooter.java:126) [surefire-booter-2.22.2.jar:2.22.2]
	at org.apache.maven.surefire.booter.ForkedBooter.main(ForkedBooter.java:418) [surefire-booter-2.22.2.jar:2.22.2]
2024-07-05 18:36:13 INFO  FareCalculatorService - Calculated price: 0.75
2024-07-05 18:36:13 ERROR ParkingService - Error parsing user input for type of vehicle
java.lang.IllegalArgumentException: Entered input is invalid
	at com.parkit.parkingsystem.service.ParkingService.getVehicleType(ParkingService.java:146) ~[classes/:?]
	at com.parkit.parkingsystem.service.ParkingService.getNextParkingNumberIfAvailable(ParkingService.java:121) ~[classes/:?]
	at com.parkit.parkingsystem.ParkingServiceTest.testGetNextParkingNumberIfAvailableParkingNumberWrongArgument(ParkingServiceTest.java:147) ~[test-classes/:?]
	at jdk.internal.reflect.NativeMethodAccessorImpl.invoke0(Native Method) ~[?:?]
	at jdk.internal.reflect.NativeMethodAccessorImpl.invoke(NativeMethodAccessorImpl.java:77) ~[?:?]
	at jdk.internal.reflect.DelegatingMethodAccessorImpl.invoke(DelegatingMethodAccessorImpl.java:43) ~[?:?]
	at java.lang.reflect.Method.invoke(Method.java:568) ~[?:?]
	at org.junit.platform.commons.util.ReflectionUtils.invokeMethod(ReflectionUtils.java:532) ~[junit-platform-commons-1.3.2.jar:1.3.2]
	at org.junit.jupiter.engine.execution.ExecutableInvoker.invoke(ExecutableInvoker.java:115) ~[junit-jupiter-engine-5.3.2.jar:5.3.2]
	at org.junit.jupiter.engine.descriptor.TestMethodTestDescriptor.lambda$invokeTestMethod$6(TestMethodTestDescriptor.java:171) ~[junit-jupiter-engine-5.3.2.jar:5.3.2]
	at org.junit.platform.engine.support.hierarchical.ThrowableCollector.execute(ThrowableCollector.java:72) ~[junit-platform-engine-1.3.2.jar:1.3.2]
	at org.junit.jupiter.engine.descriptor.TestMethodTestDescriptor.invokeTestMethod(TestMethodTestDescriptor.java:167) ~[junit-jupiter-engine-5.3.2.jar:5.3.2]
	at org.junit.jupiter.engine.descriptor.TestMethodTestDescriptor.execute(TestMethodTestDescriptor.java:114) ~[junit-jupiter-engine-5.3.2.jar:5.3.2]
	at org.junit.jupiter.engine.descriptor.TestMethodTestDescriptor.execute(TestMethodTestDescriptor.java:59) ~[junit-jupiter-engine-5.3.2.jar:5.3.2]
	at org.junit.platform.engine.support.hierarchical.NodeTestTask.lambda$executeRecursively$4(NodeTestTask.java:108) ~[junit-platform-engine-1.3.2.jar:1.3.2]
	at org.junit.platform.engine.support.hierarchical.ThrowableCollector.execute(ThrowableCollector.java:72) ~[junit-platform-engine-1.3.2.jar:1.3.2]
	at org.junit.platform.engine.support.hierarchical.NodeTestTask.executeRecursively(NodeTestTask.java:98) ~[junit-platform-engine-1.3.2.jar:1.3.2]
	at org.junit.platform.engine.support.hierarchical.NodeTestTask.execute(NodeTestTask.java:74) ~[junit-platform-engine-1.3.2.jar:1.3.2]
	at java.util.ArrayList.forEach(ArrayList.java:1511) ~[?:?]
	at org.junit.platform.engine.support.hierarchical.SameThreadHierarchicalTestExecutorService.invokeAll(SameThreadHierarchicalTestExecutorService.java:38) ~[junit-platform-engine-1.3.2.jar:1.3.2]
	at org.junit.platform.engine.support.hierarchical.NodeTestTask.lambda$executeRecursively$4(NodeTestTask.java:112) ~[junit-platform-engine-1.3.2.jar:1.3.2]
	at org.junit.platform.engine.support.hierarchical.ThrowableCollector.execute(ThrowableCollector.java:72) ~[junit-platform-engine-1.3.2.jar:1.3.2]
	at org.junit.platform.engine.support.hierarchical.NodeTestTask.executeRecursively(NodeTestTask.java:98) ~[junit-platform-engine-1.3.2.jar:1.3.2]
	at org.junit.platform.engine.support.hierarchical.NodeTestTask.execute(NodeTestTask.java:74) ~[junit-platform-engine-1.3.2.jar:1.3.2]
	at java.util.ArrayList.forEach(ArrayList.java:1511) ~[?:?]
	at org.junit.platform.engine.support.hierarchical.SameThreadHierarchicalTestExecutorService.invokeAll(SameThreadHierarchicalTestExecutorService.java:38) ~[junit-platform-engine-1.3.2.jar:1.3.2]
	at org.junit.platform.engine.support.hierarchical.NodeTestTask.lambda$executeRecursively$4(NodeTestTask.java:112) ~[junit-platform-engine-1.3.2.jar:1.3.2]
	at org.junit.platform.engine.support.hierarchical.ThrowableCollector.execute(ThrowableCollector.java:72) ~[junit-platform-engine-1.3.2.jar:1.3.2]
	at org.junit.platform.engine.support.hierarchical.NodeTestTask.executeRecursively(NodeTestTask.java:98) ~[junit-platform-engine-1.3.2.jar:1.3.2]
	at org.junit.platform.engine.support.hierarchical.NodeTestTask.execute(NodeTestTask.java:74) ~[junit-platform-engine-1.3.2.jar:1.3.2]
	at org.junit.platform.engine.support.hierarchical.SameThreadHierarchicalTestExecutorService.submit(SameThreadHierarchicalTestExecutorService.java:32) ~[junit-platform-engine-1.3.2.jar:1.3.2]
	at org.junit.platform.engine.support.hierarchical.HierarchicalTestExecutor.execute(HierarchicalTestExecutor.java:57) ~[junit-platform-engine-1.3.2.jar:1.3.2]
	at org.junit.platform.engine.support.hierarchical.HierarchicalTestEngine.execute(HierarchicalTestEngine.java:51) ~[junit-platform-engine-1.3.2.jar:1.3.2]
	at org.junit.platform.launcher.core.DefaultLauncher.execute(DefaultLauncher.java:220) ~[junit-platform-launcher-1.3.1.jar:1.3.1]
	at org.junit.platform.launcher.core.DefaultLauncher.lambda$execute$6(DefaultLauncher.java:188) ~[junit-platform-launcher-1.3.1.jar:1.3.1]
	at org.junit.platform.launcher.core.DefaultLauncher.withInterceptedStreams(DefaultLauncher.java:202) [junit-platform-launcher-1.3.1.jar:1.3.1]
	at org.junit.platform.launcher.core.DefaultLauncher.execute(DefaultLauncher.java:181) [junit-platform-launcher-1.3.1.jar:1.3.1]
	at org.junit.platform.launcher.core.DefaultLauncher.execute(DefaultLauncher.java:128) [junit-platform-launcher-1.3.1.jar:1.3.1]
	at org.apache.maven.surefire.junitplatform.JUnitPlatformProvider.invokeAllTests(JUnitPlatformProvider.java:150) [surefire-junit-platform-2.22.2.jar:2.22.2]
	at org.apache.maven.surefire.junitplatform.JUnitPlatformProvider.invoke(JUnitPlatformProvider.java:124) [surefire-junit-platform-2.22.2.jar:2.22.2]
	at org.apache.maven.surefire.booter.ForkedBooter.invokeProviderInSameClassLoader(ForkedBooter.java:384) [surefire-booter-2.22.2.jar:2.22.2]
	at org.apache.maven.surefire.booter.ForkedBooter.runSuitesInProcess(ForkedBooter.java:345) [surefire-booter-2.22.2.jar:2.22.2]
	at org.apache.maven.surefire.booter.ForkedBooter.execute(ForkedBooter.java:126) [surefire-booter-2.22.2.jar:2.22.2]
	at org.apache.maven.surefire.booter.ForkedBooter.main(ForkedBooter.java:418) [surefire-booter-2.22.2.jar:2.22.2]
2024-07-05 18:36:13 INFO  FareCalculatorService - Calculated price: 0.71
2024-07-05 18:36:13 INFO  ParkingService - Parking spot 1 set to unavailable: true
2024-07-05 19:05:05 INFO  App - Initializing Parking System
2024-07-05 19:05:05 INFO  InteractiveShell - App initialized!!!
2024-07-05 19:06:12 INFO  App - Initializing Parking System
2024-07-05 19:06:12 INFO  InteractiveShell - App initialized!!!
2024-07-05 19:32:41 INFO  App - Initializing Parking System
2024-07-05 19:32:41 INFO  InteractiveShell - App initialized!!!
2024-07-06 21:15:49 INFO  DataBaseConfig - Closed Result Set
2024-07-06 21:15:49 INFO  DataBaseConfig - Closed Prepared Statement
2024-07-06 21:15:49 INFO  DataBaseConfig - Closed DB connection
2024-07-06 21:15:49 INFO  DataBaseConfig - Closed Prepared Statement
2024-07-06 21:15:49 INFO  ParkingSpotDAO - Updated parking spot 1 to available: false
2024-07-06 21:15:49 INFO  DataBaseConfig - Closed DB connection
2024-07-06 21:15:49 INFO  ParkingService - Parking spot 1 set to unavailable: true
2024-07-08 14:58:41 INFO  App - Initializing Parking System
2024-07-08 14:58:41 INFO  InteractiveShell - App initialized!!!
2024-07-08 15:00:22 INFO  DataBaseTestConfig - Creating DB connection
2024-07-08 15:00:23 INFO  DataBaseTestConfig - Closed Prepared Statement
2024-07-08 15:00:23 INFO  DataBaseTestConfig - Closed DB connection
2024-07-08 15:00:23 INFO  DataBaseTestConfig - Creating DB connection
2024-07-08 15:00:23 INFO  DataBaseTestConfig - Creating DB connection
2024-07-08 15:00:23 INFO  DataBaseTestConfig - Closed Result Set
2024-07-08 15:00:23 INFO  DataBaseTestConfig - Closed Prepared Statement
2024-07-08 15:00:23 INFO  DataBaseTestConfig - Closed DB connection
2024-07-08 15:00:23 INFO  DataBaseTestConfig - Creating DB connection
2024-07-08 15:00:23 INFO  DataBaseTestConfig - Closed Prepared Statement
2024-07-08 15:00:23 INFO  ParkingSpotDAO - Updated parking spot 1 to available: false
2024-07-08 15:00:23 INFO  DataBaseTestConfig - Closed DB connection
2024-07-08 15:00:23 INFO  ParkingService - Parking spot 1 set to unavailable: true
2024-07-08 15:00:23 INFO  DataBaseTestConfig - Creating DB connection
2024-07-08 15:00:23 INFO  DataBaseTestConfig - Creating DB connection
2024-07-08 15:00:23 INFO  DataBaseTestConfig - Creating DB connection
2024-07-08 15:00:23 INFO  DataBaseTestConfig - Creating DB connection
2024-07-08 15:00:23 INFO  DataBaseTestConfig - Closed Result Set
2024-07-08 15:00:23 INFO  DataBaseTestConfig - Closed Prepared Statement
2024-07-08 15:00:23 INFO  DataBaseTestConfig - Closed DB connection
2024-07-08 15:00:24 INFO  DataBaseTestConfig - Creating DB connection
2024-07-08 15:00:24 INFO  DataBaseTestConfig - Creating DB connection
2024-07-08 15:00:24 INFO  FareCalculatorService - Parking duration is less than or equal to 30 minutes. No charge.
2024-07-08 15:00:24 INFO  DataBaseTestConfig - Creating DB connection
2024-07-08 15:00:24 INFO  DataBaseTestConfig - Creating DB connection
2024-07-08 15:00:24 INFO  DataBaseTestConfig - Closed Prepared Statement
2024-07-08 15:00:24 INFO  ParkingSpotDAO - Updated parking spot 1 to available: true
2024-07-08 15:00:24 INFO  DataBaseTestConfig - Closed DB connection
2024-07-08 15:00:24 INFO  DataBaseTestConfig - Creating DB connection
2024-07-08 15:00:24 INFO  DataBaseTestConfig - Creating DB connection
2024-07-08 15:00:24 INFO  DataBaseTestConfig - Closed Result Set
2024-07-08 15:00:24 INFO  DataBaseTestConfig - Closed Prepared Statement
2024-07-08 15:00:24 INFO  DataBaseTestConfig - Closed DB connection
2024-07-08 15:00:24 INFO  DataBaseTestConfig - Creating DB connection
2024-07-08 15:00:24 INFO  DataBaseTestConfig - Creating DB connection
2024-07-08 15:00:24 INFO  DataBaseTestConfig - Closed Result Set
2024-07-08 15:00:24 INFO  DataBaseTestConfig - Closed Prepared Statement
2024-07-08 15:00:24 INFO  DataBaseTestConfig - Closed DB connection
2024-07-08 15:00:24 INFO  DataBaseTestConfig - Creating DB connection
2024-07-08 15:00:24 INFO  DataBaseTestConfig - Closed Prepared Statement
2024-07-08 15:00:24 INFO  ParkingSpotDAO - Updated parking spot 1 to available: false
2024-07-08 15:00:24 INFO  DataBaseTestConfig - Closed DB connection
2024-07-08 15:00:24 INFO  ParkingService - Parking spot 1 set to unavailable: true
2024-07-08 15:00:24 INFO  DataBaseTestConfig - Creating DB connection
2024-07-08 15:00:24 INFO  DataBaseTestConfig - Creating DB connection
2024-07-08 15:00:25 INFO  DataBaseTestConfig - Creating DB connection
2024-07-08 15:00:25 INFO  DataBaseTestConfig - Creating DB connection
2024-07-08 15:00:25 INFO  DataBaseTestConfig - Closed Result Set
2024-07-08 15:00:25 INFO  DataBaseTestConfig - Closed Prepared Statement
2024-07-08 15:00:25 INFO  DataBaseTestConfig - Closed DB connection
2024-07-08 15:00:26 INFO  DataBaseTestConfig - Creating DB connection
2024-07-08 15:00:26 INFO  DataBaseTestConfig - Creating DB connection
2024-07-08 15:00:26 INFO  FareCalculatorService - Parking duration is less than or equal to 30 minutes. No charge.
2024-07-08 15:00:26 INFO  DataBaseTestConfig - Creating DB connection
2024-07-08 15:00:26 INFO  DataBaseTestConfig - Creating DB connection
2024-07-08 15:00:26 INFO  DataBaseTestConfig - Closed Prepared Statement
2024-07-08 15:00:26 INFO  ParkingSpotDAO - Updated parking spot 1 to available: true
2024-07-08 15:00:26 INFO  DataBaseTestConfig - Closed DB connection
2024-07-08 15:00:26 INFO  DataBaseTestConfig - Creating DB connection
2024-07-08 15:00:26 INFO  DataBaseTestConfig - Creating DB connection
2024-07-08 15:00:26 INFO  DataBaseTestConfig - Closed Prepared Statement
2024-07-08 15:00:26 INFO  DataBaseTestConfig - Closed DB connection
2024-07-08 15:00:26 INFO  DataBaseTestConfig - Creating DB connection
2024-07-08 15:00:26 INFO  DataBaseTestConfig - Creating DB connection
2024-07-08 15:00:26 INFO  DataBaseTestConfig - Closed Result Set
2024-07-08 15:00:26 INFO  DataBaseTestConfig - Closed Prepared Statement
2024-07-08 15:00:26 INFO  DataBaseTestConfig - Closed DB connection
2024-07-08 15:00:26 INFO  DataBaseTestConfig - Creating DB connection
2024-07-08 15:00:26 INFO  DataBaseTestConfig - Closed Prepared Statement
2024-07-08 15:00:26 INFO  ParkingSpotDAO - Updated parking spot 1 to available: false
2024-07-08 15:00:26 INFO  DataBaseTestConfig - Closed DB connection
2024-07-08 15:00:26 INFO  ParkingService - Parking spot 1 set to unavailable: true
2024-07-08 15:00:26 INFO  DataBaseTestConfig - Creating DB connection
2024-07-08 15:00:26 INFO  DataBaseTestConfig - Creating DB connection
2024-07-08 15:00:26 INFO  DataBaseTestConfig - Creating DB connection
2024-07-08 15:00:26 INFO  DataBaseTestConfig - Creating DB connection
2024-07-08 15:00:26 INFO  DataBaseTestConfig - Closed Result Set
2024-07-08 15:00:26 INFO  DataBaseTestConfig - Closed Prepared Statement
2024-07-08 15:00:26 INFO  DataBaseTestConfig - Closed DB connection
2024-07-08 15:00:27 INFO  DataBaseTestConfig - Creating DB connection
2024-07-08 15:00:27 INFO  DataBaseTestConfig - Creating DB connection
2024-07-08 15:00:27 INFO  FareCalculatorService - Parking duration is less than or equal to 30 minutes. No charge.
2024-07-08 15:00:27 INFO  DataBaseTestConfig - Creating DB connection
2024-07-08 15:00:27 INFO  DataBaseTestConfig - Creating DB connection
2024-07-08 15:00:27 INFO  DataBaseTestConfig - Closed Prepared Statement
2024-07-08 15:00:27 INFO  ParkingSpotDAO - Updated parking spot 1 to available: true
2024-07-08 15:00:27 INFO  DataBaseTestConfig - Closed DB connection
2024-07-08 15:00:27 INFO  DataBaseTestConfig - Creating DB connection
2024-07-08 15:00:27 INFO  DataBaseTestConfig - Creating DB connection
2024-07-08 15:00:27 INFO  DataBaseTestConfig - Closed Result Set
2024-07-08 15:00:27 INFO  DataBaseTestConfig - Closed Prepared Statement
2024-07-08 15:00:27 INFO  DataBaseTestConfig - Closed DB connection
2024-07-08 15:00:27 INFO  DataBaseTestConfig - Creating DB connection
2024-07-08 15:00:27 INFO  DataBaseTestConfig - Closed Prepared Statement
2024-07-08 15:00:27 INFO  DataBaseTestConfig - Closed DB connection
2024-07-08 15:00:27 INFO  DataBaseTestConfig - Creating DB connection
2024-07-08 15:00:27 INFO  DataBaseTestConfig - Creating DB connection
2024-07-08 15:00:27 INFO  DataBaseTestConfig - Closed Result Set
2024-07-08 15:00:27 INFO  DataBaseTestConfig - Closed Prepared Statement
2024-07-08 15:00:27 INFO  DataBaseTestConfig - Closed DB connection
2024-07-08 15:00:27 INFO  DataBaseTestConfig - Creating DB connection
2024-07-08 15:00:27 INFO  DataBaseTestConfig - Closed Prepared Statement
2024-07-08 15:00:27 INFO  ParkingSpotDAO - Updated parking spot 1 to available: false
2024-07-08 15:00:27 INFO  DataBaseTestConfig - Closed DB connection
2024-07-08 15:00:27 INFO  ParkingService - Parking spot 1 set to unavailable: true
2024-07-08 15:00:27 INFO  DataBaseTestConfig - Creating DB connection
2024-07-08 15:00:27 INFO  DataBaseTestConfig - Creating DB connection
2024-07-08 15:00:27 INFO  DataBaseTestConfig - Creating DB connection
2024-07-08 15:00:27 INFO  DataBaseTestConfig - Creating DB connection
2024-07-08 15:00:27 INFO  DataBaseTestConfig - Closed Result Set
2024-07-08 15:00:27 INFO  DataBaseTestConfig - Closed Prepared Statement
2024-07-08 15:00:27 INFO  DataBaseTestConfig - Closed DB connection
2024-07-08 15:00:27 ERROR ParkingService - Error fetching next available parking slot
java.lang.Exception: Error fetching parking number from DB. Parking slots might be full
	at com.parkit.parkingsystem.service.ParkingService.getNextParkingNumberIfAvailable(ParkingService.java:144) ~[classes/:?]
	at com.parkit.parkingsystem.ParkingServiceTest.testGetNextParkingNumberIfAvailableParkingNumberNotFound(ParkingServiceTest.java:137) ~[test-classes/:?]
	at jdk.internal.reflect.NativeMethodAccessorImpl.invoke0(Native Method) ~[?:?]
	at jdk.internal.reflect.NativeMethodAccessorImpl.invoke(NativeMethodAccessorImpl.java:77) ~[?:?]
	at jdk.internal.reflect.DelegatingMethodAccessorImpl.invoke(DelegatingMethodAccessorImpl.java:43) ~[?:?]
	at java.lang.reflect.Method.invoke(Method.java:568) ~[?:?]
	at org.junit.platform.commons.util.ReflectionUtils.invokeMethod(ReflectionUtils.java:532) ~[junit-platform-commons-1.3.2.jar:1.3.2]
	at org.junit.jupiter.engine.execution.ExecutableInvoker.invoke(ExecutableInvoker.java:115) ~[junit-jupiter-engine-5.3.2.jar:5.3.2]
	at org.junit.jupiter.engine.descriptor.TestMethodTestDescriptor.lambda$invokeTestMethod$6(TestMethodTestDescriptor.java:171) ~[junit-jupiter-engine-5.3.2.jar:5.3.2]
	at org.junit.platform.engine.support.hierarchical.ThrowableCollector.execute(ThrowableCollector.java:72) ~[junit-platform-engine-1.3.2.jar:1.3.2]
	at org.junit.jupiter.engine.descriptor.TestMethodTestDescriptor.invokeTestMethod(TestMethodTestDescriptor.java:167) ~[junit-jupiter-engine-5.3.2.jar:5.3.2]
	at org.junit.jupiter.engine.descriptor.TestMethodTestDescriptor.execute(TestMethodTestDescriptor.java:114) ~[junit-jupiter-engine-5.3.2.jar:5.3.2]
	at org.junit.jupiter.engine.descriptor.TestMethodTestDescriptor.execute(TestMethodTestDescriptor.java:59) ~[junit-jupiter-engine-5.3.2.jar:5.3.2]
	at org.junit.platform.engine.support.hierarchical.NodeTestTask.lambda$executeRecursively$4(NodeTestTask.java:108) ~[junit-platform-engine-1.3.2.jar:1.3.2]
	at org.junit.platform.engine.support.hierarchical.ThrowableCollector.execute(ThrowableCollector.java:72) ~[junit-platform-engine-1.3.2.jar:1.3.2]
	at org.junit.platform.engine.support.hierarchical.NodeTestTask.executeRecursively(NodeTestTask.java:98) ~[junit-platform-engine-1.3.2.jar:1.3.2]
	at org.junit.platform.engine.support.hierarchical.NodeTestTask.execute(NodeTestTask.java:74) ~[junit-platform-engine-1.3.2.jar:1.3.2]
	at java.util.ArrayList.forEach(ArrayList.java:1511) ~[?:?]
	at org.junit.platform.engine.support.hierarchical.SameThreadHierarchicalTestExecutorService.invokeAll(SameThreadHierarchicalTestExecutorService.java:38) ~[junit-platform-engine-1.3.2.jar:1.3.2]
	at org.junit.platform.engine.support.hierarchical.NodeTestTask.lambda$executeRecursively$4(NodeTestTask.java:112) ~[junit-platform-engine-1.3.2.jar:1.3.2]
	at org.junit.platform.engine.support.hierarchical.ThrowableCollector.execute(ThrowableCollector.java:72) ~[junit-platform-engine-1.3.2.jar:1.3.2]
	at org.junit.platform.engine.support.hierarchical.NodeTestTask.executeRecursively(NodeTestTask.java:98) ~[junit-platform-engine-1.3.2.jar:1.3.2]
	at org.junit.platform.engine.support.hierarchical.NodeTestTask.execute(NodeTestTask.java:74) ~[junit-platform-engine-1.3.2.jar:1.3.2]
	at java.util.ArrayList.forEach(ArrayList.java:1511) ~[?:?]
	at org.junit.platform.engine.support.hierarchical.SameThreadHierarchicalTestExecutorService.invokeAll(SameThreadHierarchicalTestExecutorService.java:38) ~[junit-platform-engine-1.3.2.jar:1.3.2]
	at org.junit.platform.engine.support.hierarchical.NodeTestTask.lambda$executeRecursively$4(NodeTestTask.java:112) ~[junit-platform-engine-1.3.2.jar:1.3.2]
	at org.junit.platform.engine.support.hierarchical.ThrowableCollector.execute(ThrowableCollector.java:72) ~[junit-platform-engine-1.3.2.jar:1.3.2]
	at org.junit.platform.engine.support.hierarchical.NodeTestTask.executeRecursively(NodeTestTask.java:98) ~[junit-platform-engine-1.3.2.jar:1.3.2]
	at org.junit.platform.engine.support.hierarchical.NodeTestTask.execute(NodeTestTask.java:74) ~[junit-platform-engine-1.3.2.jar:1.3.2]
	at org.junit.platform.engine.support.hierarchical.SameThreadHierarchicalTestExecutorService.submit(SameThreadHierarchicalTestExecutorService.java:32) ~[junit-platform-engine-1.3.2.jar:1.3.2]
	at org.junit.platform.engine.support.hierarchical.HierarchicalTestExecutor.execute(HierarchicalTestExecutor.java:57) ~[junit-platform-engine-1.3.2.jar:1.3.2]
	at org.junit.platform.engine.support.hierarchical.HierarchicalTestEngine.execute(HierarchicalTestEngine.java:51) ~[junit-platform-engine-1.3.2.jar:1.3.2]
	at org.junit.platform.launcher.core.DefaultLauncher.execute(DefaultLauncher.java:220) ~[junit-platform-launcher-1.3.2.jar:1.3.2]
	at org.junit.platform.launcher.core.DefaultLauncher.lambda$execute$6(DefaultLauncher.java:188) ~[junit-platform-launcher-1.3.2.jar:1.3.2]
	at org.junit.platform.launcher.core.DefaultLauncher.withInterceptedStreams(DefaultLauncher.java:202) [junit-platform-launcher-1.3.2.jar:1.3.2]
	at org.junit.platform.launcher.core.DefaultLauncher.execute(DefaultLauncher.java:181) [junit-platform-launcher-1.3.2.jar:1.3.2]
	at org.junit.platform.launcher.core.DefaultLauncher.execute(DefaultLauncher.java:128) [junit-platform-launcher-1.3.2.jar:1.3.2]
	at org.eclipse.jdt.internal.junit5.runner.JUnit5TestReference.run(JUnit5TestReference.java:100) [.cp/:?]
	at org.eclipse.jdt.internal.junit.runner.TestExecution.run(TestExecution.java:40) [.cp/:?]
	at org.eclipse.jdt.internal.junit.runner.RemoteTestRunner.runTests(RemoteTestRunner.java:529) [.cp/:?]
	at org.eclipse.jdt.internal.junit.runner.RemoteTestRunner.runTests(RemoteTestRunner.java:757) [.cp/:?]
	at org.eclipse.jdt.internal.junit.runner.RemoteTestRunner.run(RemoteTestRunner.java:452) [.cp/:?]
	at org.eclipse.jdt.internal.junit.runner.RemoteTestRunner.main(RemoteTestRunner.java:210) [.cp/:?]
2024-07-08 15:00:27 INFO  FareCalculatorService - Calculated price: 0.75
2024-07-08 15:00:27 ERROR ParkingService - Error parsing user input for type of vehicle
java.lang.IllegalArgumentException: Entered input is invalid
	at com.parkit.parkingsystem.service.ParkingService.getVehicleType(ParkingService.java:171) ~[classes/:?]
	at com.parkit.parkingsystem.service.ParkingService.getNextParkingNumberIfAvailable(ParkingService.java:141) ~[classes/:?]
	at com.parkit.parkingsystem.ParkingServiceTest.testGetNextParkingNumberIfAvailableParkingNumberWrongArgument(ParkingServiceTest.java:147) ~[test-classes/:?]
	at jdk.internal.reflect.NativeMethodAccessorImpl.invoke0(Native Method) ~[?:?]
	at jdk.internal.reflect.NativeMethodAccessorImpl.invoke(NativeMethodAccessorImpl.java:77) ~[?:?]
	at jdk.internal.reflect.DelegatingMethodAccessorImpl.invoke(DelegatingMethodAccessorImpl.java:43) ~[?:?]
	at java.lang.reflect.Method.invoke(Method.java:568) ~[?:?]
	at org.junit.platform.commons.util.ReflectionUtils.invokeMethod(ReflectionUtils.java:532) ~[junit-platform-commons-1.3.2.jar:1.3.2]
	at org.junit.jupiter.engine.execution.ExecutableInvoker.invoke(ExecutableInvoker.java:115) ~[junit-jupiter-engine-5.3.2.jar:5.3.2]
	at org.junit.jupiter.engine.descriptor.TestMethodTestDescriptor.lambda$invokeTestMethod$6(TestMethodTestDescriptor.java:171) ~[junit-jupiter-engine-5.3.2.jar:5.3.2]
	at org.junit.platform.engine.support.hierarchical.ThrowableCollector.execute(ThrowableCollector.java:72) ~[junit-platform-engine-1.3.2.jar:1.3.2]
	at org.junit.jupiter.engine.descriptor.TestMethodTestDescriptor.invokeTestMethod(TestMethodTestDescriptor.java:167) ~[junit-jupiter-engine-5.3.2.jar:5.3.2]
	at org.junit.jupiter.engine.descriptor.TestMethodTestDescriptor.execute(TestMethodTestDescriptor.java:114) ~[junit-jupiter-engine-5.3.2.jar:5.3.2]
	at org.junit.jupiter.engine.descriptor.TestMethodTestDescriptor.execute(TestMethodTestDescriptor.java:59) ~[junit-jupiter-engine-5.3.2.jar:5.3.2]
	at org.junit.platform.engine.support.hierarchical.NodeTestTask.lambda$executeRecursively$4(NodeTestTask.java:108) ~[junit-platform-engine-1.3.2.jar:1.3.2]
	at org.junit.platform.engine.support.hierarchical.ThrowableCollector.execute(ThrowableCollector.java:72) ~[junit-platform-engine-1.3.2.jar:1.3.2]
	at org.junit.platform.engine.support.hierarchical.NodeTestTask.executeRecursively(NodeTestTask.java:98) ~[junit-platform-engine-1.3.2.jar:1.3.2]
	at org.junit.platform.engine.support.hierarchical.NodeTestTask.execute(NodeTestTask.java:74) ~[junit-platform-engine-1.3.2.jar:1.3.2]
	at java.util.ArrayList.forEach(ArrayList.java:1511) ~[?:?]
	at org.junit.platform.engine.support.hierarchical.SameThreadHierarchicalTestExecutorService.invokeAll(SameThreadHierarchicalTestExecutorService.java:38) ~[junit-platform-engine-1.3.2.jar:1.3.2]
	at org.junit.platform.engine.support.hierarchical.NodeTestTask.lambda$executeRecursively$4(NodeTestTask.java:112) ~[junit-platform-engine-1.3.2.jar:1.3.2]
	at org.junit.platform.engine.support.hierarchical.ThrowableCollector.execute(ThrowableCollector.java:72) ~[junit-platform-engine-1.3.2.jar:1.3.2]
	at org.junit.platform.engine.support.hierarchical.NodeTestTask.executeRecursively(NodeTestTask.java:98) ~[junit-platform-engine-1.3.2.jar:1.3.2]
	at org.junit.platform.engine.support.hierarchical.NodeTestTask.execute(NodeTestTask.java:74) ~[junit-platform-engine-1.3.2.jar:1.3.2]
	at java.util.ArrayList.forEach(ArrayList.java:1511) ~[?:?]
	at org.junit.platform.engine.support.hierarchical.SameThreadHierarchicalTestExecutorService.invokeAll(SameThreadHierarchicalTestExecutorService.java:38) ~[junit-platform-engine-1.3.2.jar:1.3.2]
	at org.junit.platform.engine.support.hierarchical.NodeTestTask.lambda$executeRecursively$4(NodeTestTask.java:112) ~[junit-platform-engine-1.3.2.jar:1.3.2]
	at org.junit.platform.engine.support.hierarchical.ThrowableCollector.execute(ThrowableCollector.java:72) ~[junit-platform-engine-1.3.2.jar:1.3.2]
	at org.junit.platform.engine.support.hierarchical.NodeTestTask.executeRecursively(NodeTestTask.java:98) ~[junit-platform-engine-1.3.2.jar:1.3.2]
	at org.junit.platform.engine.support.hierarchical.NodeTestTask.execute(NodeTestTask.java:74) ~[junit-platform-engine-1.3.2.jar:1.3.2]
	at org.junit.platform.engine.support.hierarchical.SameThreadHierarchicalTestExecutorService.submit(SameThreadHierarchicalTestExecutorService.java:32) ~[junit-platform-engine-1.3.2.jar:1.3.2]
	at org.junit.platform.engine.support.hierarchical.HierarchicalTestExecutor.execute(HierarchicalTestExecutor.java:57) ~[junit-platform-engine-1.3.2.jar:1.3.2]
	at org.junit.platform.engine.support.hierarchical.HierarchicalTestEngine.execute(HierarchicalTestEngine.java:51) ~[junit-platform-engine-1.3.2.jar:1.3.2]
	at org.junit.platform.launcher.core.DefaultLauncher.execute(DefaultLauncher.java:220) ~[junit-platform-launcher-1.3.2.jar:1.3.2]
	at org.junit.platform.launcher.core.DefaultLauncher.lambda$execute$6(DefaultLauncher.java:188) ~[junit-platform-launcher-1.3.2.jar:1.3.2]
	at org.junit.platform.launcher.core.DefaultLauncher.withInterceptedStreams(DefaultLauncher.java:202) [junit-platform-launcher-1.3.2.jar:1.3.2]
	at org.junit.platform.launcher.core.DefaultLauncher.execute(DefaultLauncher.java:181) [junit-platform-launcher-1.3.2.jar:1.3.2]
	at org.junit.platform.launcher.core.DefaultLauncher.execute(DefaultLauncher.java:128) [junit-platform-launcher-1.3.2.jar:1.3.2]
	at org.eclipse.jdt.internal.junit5.runner.JUnit5TestReference.run(JUnit5TestReference.java:100) [.cp/:?]
	at org.eclipse.jdt.internal.junit.runner.TestExecution.run(TestExecution.java:40) [.cp/:?]
	at org.eclipse.jdt.internal.junit.runner.RemoteTestRunner.runTests(RemoteTestRunner.java:529) [.cp/:?]
	at org.eclipse.jdt.internal.junit.runner.RemoteTestRunner.runTests(RemoteTestRunner.java:757) [.cp/:?]
	at org.eclipse.jdt.internal.junit.runner.RemoteTestRunner.run(RemoteTestRunner.java:452) [.cp/:?]
	at org.eclipse.jdt.internal.junit.runner.RemoteTestRunner.main(RemoteTestRunner.java:210) [.cp/:?]
2024-07-08 15:00:27 INFO  FareCalculatorService - Calculated price: 0.71
2024-07-08 15:00:27 INFO  ParkingService - Parking spot 1 set to unavailable: true
2024-07-08 15:00:27 INFO  FareCalculatorService - Calculated price: 22.34
2024-07-08 15:00:27 INFO  FareCalculatorService - Calculated price: 33.52
2024-07-08 15:00:27 INFO  FareCalculatorService - Calculated price: 0.49
2024-07-08 15:00:27 INFO  FareCalculatorService - Calculated price: 23.52
2024-07-08 15:00:27 INFO  FareCalculatorService - Calculated price: 0.74
2024-07-08 15:00:27 INFO  FareCalculatorService - Calculated price: 0.78
2024-07-08 15:00:27 INFO  FareCalculatorService - Calculated price: 0.52
2024-07-08 15:00:27 INFO  FareCalculatorService - Calculated price: 35.28
2024-07-08 15:02:16 INFO  FareCalculatorService - Calculated price: 22.34
2024-07-08 15:02:16 INFO  FareCalculatorService - Calculated price: 33.52
2024-07-08 15:02:16 INFO  FareCalculatorService - Calculated price: 0.49
2024-07-08 15:02:16 INFO  FareCalculatorService - Calculated price: 23.52
2024-07-08 15:02:16 INFO  FareCalculatorService - Calculated price: 0.74
2024-07-08 15:02:16 INFO  FareCalculatorService - Calculated price: 0.78
2024-07-08 15:02:16 INFO  FareCalculatorService - Calculated price: 0.52
2024-07-08 15:02:16 INFO  FareCalculatorService - Calculated price: 35.28
2024-07-08 15:02:17 INFO  DataBaseTestConfig - Creating DB connection
2024-07-08 15:02:18 INFO  DataBaseTestConfig - Closed Prepared Statement
2024-07-08 15:02:18 INFO  DataBaseTestConfig - Closed DB connection
2024-07-08 15:02:18 INFO  DataBaseTestConfig - Creating DB connection
2024-07-08 15:02:18 INFO  DataBaseTestConfig - Creating DB connection
2024-07-08 15:02:18 INFO  DataBaseTestConfig - Closed Result Set
2024-07-08 15:02:18 INFO  DataBaseTestConfig - Closed Prepared Statement
2024-07-08 15:02:18 INFO  DataBaseTestConfig - Closed DB connection
2024-07-08 15:02:18 INFO  DataBaseTestConfig - Creating DB connection
2024-07-08 15:02:18 INFO  DataBaseTestConfig - Closed Prepared Statement
2024-07-08 15:02:18 INFO  ParkingSpotDAO - Updated parking spot 1 to available: false
2024-07-08 15:02:18 INFO  DataBaseTestConfig - Closed DB connection
2024-07-08 15:02:18 INFO  ParkingService - Parking spot 1 set to unavailable: true
2024-07-08 15:02:18 INFO  DataBaseTestConfig - Creating DB connection
2024-07-08 15:02:18 INFO  DataBaseTestConfig - Creating DB connection
2024-07-08 15:02:18 INFO  DataBaseTestConfig - Creating DB connection
2024-07-08 15:02:18 INFO  DataBaseTestConfig - Creating DB connection
2024-07-08 15:02:18 INFO  DataBaseTestConfig - Closed Result Set
2024-07-08 15:02:18 INFO  DataBaseTestConfig - Closed Prepared Statement
2024-07-08 15:02:18 INFO  DataBaseTestConfig - Closed DB connection
2024-07-08 15:02:19 INFO  DataBaseTestConfig - Creating DB connection
2024-07-08 15:02:19 INFO  DataBaseTestConfig - Creating DB connection
2024-07-08 15:02:19 INFO  FareCalculatorService - Parking duration is less than or equal to 30 minutes. No charge.
2024-07-08 15:02:19 INFO  DataBaseTestConfig - Creating DB connection
2024-07-08 15:02:19 INFO  DataBaseTestConfig - Creating DB connection
2024-07-08 15:02:19 INFO  DataBaseTestConfig - Closed Prepared Statement
2024-07-08 15:02:19 INFO  ParkingSpotDAO - Updated parking spot 1 to available: true
2024-07-08 15:02:19 INFO  DataBaseTestConfig - Closed DB connection
2024-07-08 15:02:19 INFO  DataBaseTestConfig - Creating DB connection
2024-07-08 15:02:19 INFO  DataBaseTestConfig - Creating DB connection
2024-07-08 15:02:19 INFO  DataBaseTestConfig - Closed Result Set
2024-07-08 15:02:19 INFO  DataBaseTestConfig - Closed Prepared Statement
2024-07-08 15:02:19 INFO  DataBaseTestConfig - Closed DB connection
2024-07-08 15:02:19 INFO  DataBaseTestConfig - Creating DB connection
2024-07-08 15:02:19 INFO  DataBaseTestConfig - Creating DB connection
2024-07-08 15:02:19 INFO  DataBaseTestConfig - Closed Result Set
2024-07-08 15:02:19 INFO  DataBaseTestConfig - Closed Prepared Statement
2024-07-08 15:02:19 INFO  DataBaseTestConfig - Closed DB connection
2024-07-08 15:02:19 INFO  DataBaseTestConfig - Creating DB connection
2024-07-08 15:02:19 INFO  DataBaseTestConfig - Closed Prepared Statement
2024-07-08 15:02:19 INFO  ParkingSpotDAO - Updated parking spot 1 to available: false
2024-07-08 15:02:19 INFO  DataBaseTestConfig - Closed DB connection
2024-07-08 15:02:19 INFO  ParkingService - Parking spot 1 set to unavailable: true
2024-07-08 15:02:19 INFO  DataBaseTestConfig - Creating DB connection
2024-07-08 15:02:19 INFO  DataBaseTestConfig - Creating DB connection
2024-07-08 15:02:19 INFO  DataBaseTestConfig - Creating DB connection
2024-07-08 15:02:19 INFO  DataBaseTestConfig - Creating DB connection
2024-07-08 15:02:19 INFO  DataBaseTestConfig - Closed Result Set
2024-07-08 15:02:19 INFO  DataBaseTestConfig - Closed Prepared Statement
2024-07-08 15:02:19 INFO  DataBaseTestConfig - Closed DB connection
2024-07-08 15:02:20 INFO  DataBaseTestConfig - Creating DB connection
2024-07-08 15:02:20 INFO  DataBaseTestConfig - Creating DB connection
2024-07-08 15:02:20 INFO  FareCalculatorService - Parking duration is less than or equal to 30 minutes. No charge.
2024-07-08 15:02:20 INFO  DataBaseTestConfig - Creating DB connection
2024-07-08 15:02:20 INFO  DataBaseTestConfig - Creating DB connection
2024-07-08 15:02:20 INFO  DataBaseTestConfig - Closed Prepared Statement
2024-07-08 15:02:20 INFO  ParkingSpotDAO - Updated parking spot 1 to available: true
2024-07-08 15:02:20 INFO  DataBaseTestConfig - Closed DB connection
2024-07-08 15:02:20 INFO  DataBaseTestConfig - Creating DB connection
2024-07-08 15:02:21 INFO  DataBaseTestConfig - Creating DB connection
2024-07-08 15:02:21 INFO  DataBaseTestConfig - Closed Prepared Statement
2024-07-08 15:02:21 INFO  DataBaseTestConfig - Closed DB connection
2024-07-08 15:02:21 INFO  DataBaseTestConfig - Creating DB connection
2024-07-08 15:02:21 INFO  DataBaseTestConfig - Creating DB connection
2024-07-08 15:02:21 INFO  DataBaseTestConfig - Closed Result Set
2024-07-08 15:02:21 INFO  DataBaseTestConfig - Closed Prepared Statement
2024-07-08 15:02:21 INFO  DataBaseTestConfig - Closed DB connection
2024-07-08 15:02:21 INFO  DataBaseTestConfig - Creating DB connection
2024-07-08 15:02:21 INFO  DataBaseTestConfig - Closed Prepared Statement
2024-07-08 15:02:21 INFO  ParkingSpotDAO - Updated parking spot 1 to available: false
2024-07-08 15:02:21 INFO  DataBaseTestConfig - Closed DB connection
2024-07-08 15:02:21 INFO  ParkingService - Parking spot 1 set to unavailable: true
2024-07-08 15:02:21 INFO  DataBaseTestConfig - Creating DB connection
2024-07-08 15:02:21 INFO  DataBaseTestConfig - Creating DB connection
2024-07-08 15:02:21 INFO  DataBaseTestConfig - Creating DB connection
2024-07-08 15:02:21 INFO  DataBaseTestConfig - Creating DB connection
2024-07-08 15:02:21 INFO  DataBaseTestConfig - Closed Result Set
2024-07-08 15:02:21 INFO  DataBaseTestConfig - Closed Prepared Statement
2024-07-08 15:02:21 INFO  DataBaseTestConfig - Closed DB connection
2024-07-08 15:02:22 INFO  DataBaseTestConfig - Creating DB connection
2024-07-08 15:02:22 INFO  DataBaseTestConfig - Creating DB connection
2024-07-08 15:02:22 INFO  FareCalculatorService - Parking duration is less than or equal to 30 minutes. No charge.
2024-07-08 15:02:22 INFO  DataBaseTestConfig - Creating DB connection
2024-07-08 15:02:22 INFO  DataBaseTestConfig - Creating DB connection
2024-07-08 15:02:22 INFO  DataBaseTestConfig - Closed Prepared Statement
2024-07-08 15:02:22 INFO  ParkingSpotDAO - Updated parking spot 1 to available: true
2024-07-08 15:02:22 INFO  DataBaseTestConfig - Closed DB connection
2024-07-08 15:02:22 INFO  DataBaseTestConfig - Creating DB connection
2024-07-08 15:02:22 INFO  DataBaseTestConfig - Creating DB connection
2024-07-08 15:02:22 INFO  DataBaseTestConfig - Closed Result Set
2024-07-08 15:02:22 INFO  DataBaseTestConfig - Closed Prepared Statement
2024-07-08 15:02:22 INFO  DataBaseTestConfig - Closed DB connection
2024-07-08 15:02:22 INFO  DataBaseTestConfig - Creating DB connection
2024-07-08 15:02:22 INFO  DataBaseTestConfig - Closed Prepared Statement
2024-07-08 15:02:22 INFO  DataBaseTestConfig - Closed DB connection
2024-07-08 15:02:22 INFO  DataBaseTestConfig - Creating DB connection
2024-07-08 15:02:22 INFO  DataBaseTestConfig - Creating DB connection
2024-07-08 15:02:22 INFO  DataBaseTestConfig - Closed Result Set
2024-07-08 15:02:22 INFO  DataBaseTestConfig - Closed Prepared Statement
2024-07-08 15:02:22 INFO  DataBaseTestConfig - Closed DB connection
2024-07-08 15:02:22 INFO  DataBaseTestConfig - Creating DB connection
2024-07-08 15:02:22 INFO  DataBaseTestConfig - Closed Prepared Statement
2024-07-08 15:02:22 INFO  ParkingSpotDAO - Updated parking spot 1 to available: false
2024-07-08 15:02:22 INFO  DataBaseTestConfig - Closed DB connection
2024-07-08 15:02:22 INFO  ParkingService - Parking spot 1 set to unavailable: true
2024-07-08 15:02:22 INFO  DataBaseTestConfig - Creating DB connection
2024-07-08 15:02:22 INFO  DataBaseTestConfig - Creating DB connection
2024-07-08 15:02:22 INFO  DataBaseTestConfig - Creating DB connection
2024-07-08 15:02:22 INFO  DataBaseTestConfig - Creating DB connection
2024-07-08 15:02:22 INFO  DataBaseTestConfig - Closed Result Set
2024-07-08 15:02:22 INFO  DataBaseTestConfig - Closed Prepared Statement
2024-07-08 15:02:22 INFO  DataBaseTestConfig - Closed DB connection
2024-07-08 15:02:22 ERROR ParkingService - Error fetching next available parking slot
java.lang.Exception: Error fetching parking number from DB. Parking slots might be full
	at com.parkit.parkingsystem.service.ParkingService.getNextParkingNumberIfAvailable(ParkingService.java:144) ~[classes/:?]
	at com.parkit.parkingsystem.ParkingServiceTest.testGetNextParkingNumberIfAvailableParkingNumberNotFound(ParkingServiceTest.java:137) ~[test-classes/:?]
	at jdk.internal.reflect.NativeMethodAccessorImpl.invoke0(Native Method) ~[?:?]
	at jdk.internal.reflect.NativeMethodAccessorImpl.invoke(NativeMethodAccessorImpl.java:77) ~[?:?]
	at jdk.internal.reflect.DelegatingMethodAccessorImpl.invoke(DelegatingMethodAccessorImpl.java:43) ~[?:?]
	at java.lang.reflect.Method.invoke(Method.java:568) ~[?:?]
	at org.junit.platform.commons.util.ReflectionUtils.invokeMethod(ReflectionUtils.java:532) ~[junit-platform-commons-1.3.2.jar:1.3.2]
	at org.junit.jupiter.engine.execution.ExecutableInvoker.invoke(ExecutableInvoker.java:115) ~[junit-jupiter-engine-5.3.2.jar:5.3.2]
	at org.junit.jupiter.engine.descriptor.TestMethodTestDescriptor.lambda$invokeTestMethod$6(TestMethodTestDescriptor.java:171) ~[junit-jupiter-engine-5.3.2.jar:5.3.2]
	at org.junit.platform.engine.support.hierarchical.ThrowableCollector.execute(ThrowableCollector.java:72) ~[junit-platform-engine-1.3.2.jar:1.3.2]
	at org.junit.jupiter.engine.descriptor.TestMethodTestDescriptor.invokeTestMethod(TestMethodTestDescriptor.java:167) ~[junit-jupiter-engine-5.3.2.jar:5.3.2]
	at org.junit.jupiter.engine.descriptor.TestMethodTestDescriptor.execute(TestMethodTestDescriptor.java:114) ~[junit-jupiter-engine-5.3.2.jar:5.3.2]
	at org.junit.jupiter.engine.descriptor.TestMethodTestDescriptor.execute(TestMethodTestDescriptor.java:59) ~[junit-jupiter-engine-5.3.2.jar:5.3.2]
	at org.junit.platform.engine.support.hierarchical.NodeTestTask.lambda$executeRecursively$4(NodeTestTask.java:108) ~[junit-platform-engine-1.3.2.jar:1.3.2]
	at org.junit.platform.engine.support.hierarchical.ThrowableCollector.execute(ThrowableCollector.java:72) ~[junit-platform-engine-1.3.2.jar:1.3.2]
	at org.junit.platform.engine.support.hierarchical.NodeTestTask.executeRecursively(NodeTestTask.java:98) ~[junit-platform-engine-1.3.2.jar:1.3.2]
	at org.junit.platform.engine.support.hierarchical.NodeTestTask.execute(NodeTestTask.java:74) ~[junit-platform-engine-1.3.2.jar:1.3.2]
	at java.util.ArrayList.forEach(ArrayList.java:1511) ~[?:?]
	at org.junit.platform.engine.support.hierarchical.SameThreadHierarchicalTestExecutorService.invokeAll(SameThreadHierarchicalTestExecutorService.java:38) ~[junit-platform-engine-1.3.2.jar:1.3.2]
	at org.junit.platform.engine.support.hierarchical.NodeTestTask.lambda$executeRecursively$4(NodeTestTask.java:112) ~[junit-platform-engine-1.3.2.jar:1.3.2]
	at org.junit.platform.engine.support.hierarchical.ThrowableCollector.execute(ThrowableCollector.java:72) ~[junit-platform-engine-1.3.2.jar:1.3.2]
	at org.junit.platform.engine.support.hierarchical.NodeTestTask.executeRecursively(NodeTestTask.java:98) ~[junit-platform-engine-1.3.2.jar:1.3.2]
	at org.junit.platform.engine.support.hierarchical.NodeTestTask.execute(NodeTestTask.java:74) ~[junit-platform-engine-1.3.2.jar:1.3.2]
	at java.util.ArrayList.forEach(ArrayList.java:1511) ~[?:?]
	at org.junit.platform.engine.support.hierarchical.SameThreadHierarchicalTestExecutorService.invokeAll(SameThreadHierarchicalTestExecutorService.java:38) ~[junit-platform-engine-1.3.2.jar:1.3.2]
	at org.junit.platform.engine.support.hierarchical.NodeTestTask.lambda$executeRecursively$4(NodeTestTask.java:112) ~[junit-platform-engine-1.3.2.jar:1.3.2]
	at org.junit.platform.engine.support.hierarchical.ThrowableCollector.execute(ThrowableCollector.java:72) ~[junit-platform-engine-1.3.2.jar:1.3.2]
	at org.junit.platform.engine.support.hierarchical.NodeTestTask.executeRecursively(NodeTestTask.java:98) ~[junit-platform-engine-1.3.2.jar:1.3.2]
	at org.junit.platform.engine.support.hierarchical.NodeTestTask.execute(NodeTestTask.java:74) ~[junit-platform-engine-1.3.2.jar:1.3.2]
	at org.junit.platform.engine.support.hierarchical.SameThreadHierarchicalTestExecutorService.submit(SameThreadHierarchicalTestExecutorService.java:32) ~[junit-platform-engine-1.3.2.jar:1.3.2]
	at org.junit.platform.engine.support.hierarchical.HierarchicalTestExecutor.execute(HierarchicalTestExecutor.java:57) ~[junit-platform-engine-1.3.2.jar:1.3.2]
	at org.junit.platform.engine.support.hierarchical.HierarchicalTestEngine.execute(HierarchicalTestEngine.java:51) ~[junit-platform-engine-1.3.2.jar:1.3.2]
	at org.junit.platform.launcher.core.DefaultLauncher.execute(DefaultLauncher.java:220) ~[junit-platform-launcher-1.3.1.jar:1.3.1]
	at org.junit.platform.launcher.core.DefaultLauncher.lambda$execute$6(DefaultLauncher.java:188) ~[junit-platform-launcher-1.3.1.jar:1.3.1]
	at org.junit.platform.launcher.core.DefaultLauncher.withInterceptedStreams(DefaultLauncher.java:202) [junit-platform-launcher-1.3.1.jar:1.3.1]
	at org.junit.platform.launcher.core.DefaultLauncher.execute(DefaultLauncher.java:181) [junit-platform-launcher-1.3.1.jar:1.3.1]
	at org.junit.platform.launcher.core.DefaultLauncher.execute(DefaultLauncher.java:128) [junit-platform-launcher-1.3.1.jar:1.3.1]
	at org.apache.maven.surefire.junitplatform.JUnitPlatformProvider.invokeAllTests(JUnitPlatformProvider.java:150) [surefire-junit-platform-2.22.2.jar:2.22.2]
	at org.apache.maven.surefire.junitplatform.JUnitPlatformProvider.invoke(JUnitPlatformProvider.java:124) [surefire-junit-platform-2.22.2.jar:2.22.2]
	at org.apache.maven.surefire.booter.ForkedBooter.invokeProviderInSameClassLoader(ForkedBooter.java:384) [surefire-booter-2.22.2.jar:2.22.2]
	at org.apache.maven.surefire.booter.ForkedBooter.runSuitesInProcess(ForkedBooter.java:345) [surefire-booter-2.22.2.jar:2.22.2]
	at org.apache.maven.surefire.booter.ForkedBooter.execute(ForkedBooter.java:126) [surefire-booter-2.22.2.jar:2.22.2]
	at org.apache.maven.surefire.booter.ForkedBooter.main(ForkedBooter.java:418) [surefire-booter-2.22.2.jar:2.22.2]
2024-07-08 15:02:22 INFO  FareCalculatorService - Calculated price: 0.75
2024-07-08 15:02:22 ERROR ParkingService - Error parsing user input for type of vehicle
java.lang.IllegalArgumentException: Entered input is invalid
	at com.parkit.parkingsystem.service.ParkingService.getVehicleType(ParkingService.java:171) ~[classes/:?]
	at com.parkit.parkingsystem.service.ParkingService.getNextParkingNumberIfAvailable(ParkingService.java:141) ~[classes/:?]
	at com.parkit.parkingsystem.ParkingServiceTest.testGetNextParkingNumberIfAvailableParkingNumberWrongArgument(ParkingServiceTest.java:147) ~[test-classes/:?]
	at jdk.internal.reflect.NativeMethodAccessorImpl.invoke0(Native Method) ~[?:?]
	at jdk.internal.reflect.NativeMethodAccessorImpl.invoke(NativeMethodAccessorImpl.java:77) ~[?:?]
	at jdk.internal.reflect.DelegatingMethodAccessorImpl.invoke(DelegatingMethodAccessorImpl.java:43) ~[?:?]
	at java.lang.reflect.Method.invoke(Method.java:568) ~[?:?]
	at org.junit.platform.commons.util.ReflectionUtils.invokeMethod(ReflectionUtils.java:532) ~[junit-platform-commons-1.3.2.jar:1.3.2]
	at org.junit.jupiter.engine.execution.ExecutableInvoker.invoke(ExecutableInvoker.java:115) ~[junit-jupiter-engine-5.3.2.jar:5.3.2]
	at org.junit.jupiter.engine.descriptor.TestMethodTestDescriptor.lambda$invokeTestMethod$6(TestMethodTestDescriptor.java:171) ~[junit-jupiter-engine-5.3.2.jar:5.3.2]
	at org.junit.platform.engine.support.hierarchical.ThrowableCollector.execute(ThrowableCollector.java:72) ~[junit-platform-engine-1.3.2.jar:1.3.2]
	at org.junit.jupiter.engine.descriptor.TestMethodTestDescriptor.invokeTestMethod(TestMethodTestDescriptor.java:167) ~[junit-jupiter-engine-5.3.2.jar:5.3.2]
	at org.junit.jupiter.engine.descriptor.TestMethodTestDescriptor.execute(TestMethodTestDescriptor.java:114) ~[junit-jupiter-engine-5.3.2.jar:5.3.2]
	at org.junit.jupiter.engine.descriptor.TestMethodTestDescriptor.execute(TestMethodTestDescriptor.java:59) ~[junit-jupiter-engine-5.3.2.jar:5.3.2]
	at org.junit.platform.engine.support.hierarchical.NodeTestTask.lambda$executeRecursively$4(NodeTestTask.java:108) ~[junit-platform-engine-1.3.2.jar:1.3.2]
	at org.junit.platform.engine.support.hierarchical.ThrowableCollector.execute(ThrowableCollector.java:72) ~[junit-platform-engine-1.3.2.jar:1.3.2]
	at org.junit.platform.engine.support.hierarchical.NodeTestTask.executeRecursively(NodeTestTask.java:98) ~[junit-platform-engine-1.3.2.jar:1.3.2]
	at org.junit.platform.engine.support.hierarchical.NodeTestTask.execute(NodeTestTask.java:74) ~[junit-platform-engine-1.3.2.jar:1.3.2]
	at java.util.ArrayList.forEach(ArrayList.java:1511) ~[?:?]
	at org.junit.platform.engine.support.hierarchical.SameThreadHierarchicalTestExecutorService.invokeAll(SameThreadHierarchicalTestExecutorService.java:38) ~[junit-platform-engine-1.3.2.jar:1.3.2]
	at org.junit.platform.engine.support.hierarchical.NodeTestTask.lambda$executeRecursively$4(NodeTestTask.java:112) ~[junit-platform-engine-1.3.2.jar:1.3.2]
	at org.junit.platform.engine.support.hierarchical.ThrowableCollector.execute(ThrowableCollector.java:72) ~[junit-platform-engine-1.3.2.jar:1.3.2]
	at org.junit.platform.engine.support.hierarchical.NodeTestTask.executeRecursively(NodeTestTask.java:98) ~[junit-platform-engine-1.3.2.jar:1.3.2]
	at org.junit.platform.engine.support.hierarchical.NodeTestTask.execute(NodeTestTask.java:74) ~[junit-platform-engine-1.3.2.jar:1.3.2]
	at java.util.ArrayList.forEach(ArrayList.java:1511) ~[?:?]
	at org.junit.platform.engine.support.hierarchical.SameThreadHierarchicalTestExecutorService.invokeAll(SameThreadHierarchicalTestExecutorService.java:38) ~[junit-platform-engine-1.3.2.jar:1.3.2]
	at org.junit.platform.engine.support.hierarchical.NodeTestTask.lambda$executeRecursively$4(NodeTestTask.java:112) ~[junit-platform-engine-1.3.2.jar:1.3.2]
	at org.junit.platform.engine.support.hierarchical.ThrowableCollector.execute(ThrowableCollector.java:72) ~[junit-platform-engine-1.3.2.jar:1.3.2]
	at org.junit.platform.engine.support.hierarchical.NodeTestTask.executeRecursively(NodeTestTask.java:98) ~[junit-platform-engine-1.3.2.jar:1.3.2]
	at org.junit.platform.engine.support.hierarchical.NodeTestTask.execute(NodeTestTask.java:74) ~[junit-platform-engine-1.3.2.jar:1.3.2]
	at org.junit.platform.engine.support.hierarchical.SameThreadHierarchicalTestExecutorService.submit(SameThreadHierarchicalTestExecutorService.java:32) ~[junit-platform-engine-1.3.2.jar:1.3.2]
	at org.junit.platform.engine.support.hierarchical.HierarchicalTestExecutor.execute(HierarchicalTestExecutor.java:57) ~[junit-platform-engine-1.3.2.jar:1.3.2]
	at org.junit.platform.engine.support.hierarchical.HierarchicalTestEngine.execute(HierarchicalTestEngine.java:51) ~[junit-platform-engine-1.3.2.jar:1.3.2]
	at org.junit.platform.launcher.core.DefaultLauncher.execute(DefaultLauncher.java:220) ~[junit-platform-launcher-1.3.1.jar:1.3.1]
	at org.junit.platform.launcher.core.DefaultLauncher.lambda$execute$6(DefaultLauncher.java:188) ~[junit-platform-launcher-1.3.1.jar:1.3.1]
	at org.junit.platform.launcher.core.DefaultLauncher.withInterceptedStreams(DefaultLauncher.java:202) [junit-platform-launcher-1.3.1.jar:1.3.1]
	at org.junit.platform.launcher.core.DefaultLauncher.execute(DefaultLauncher.java:181) [junit-platform-launcher-1.3.1.jar:1.3.1]
	at org.junit.platform.launcher.core.DefaultLauncher.execute(DefaultLauncher.java:128) [junit-platform-launcher-1.3.1.jar:1.3.1]
	at org.apache.maven.surefire.junitplatform.JUnitPlatformProvider.invokeAllTests(JUnitPlatformProvider.java:150) [surefire-junit-platform-2.22.2.jar:2.22.2]
	at org.apache.maven.surefire.junitplatform.JUnitPlatformProvider.invoke(JUnitPlatformProvider.java:124) [surefire-junit-platform-2.22.2.jar:2.22.2]
	at org.apache.maven.surefire.booter.ForkedBooter.invokeProviderInSameClassLoader(ForkedBooter.java:384) [surefire-booter-2.22.2.jar:2.22.2]
	at org.apache.maven.surefire.booter.ForkedBooter.runSuitesInProcess(ForkedBooter.java:345) [surefire-booter-2.22.2.jar:2.22.2]
	at org.apache.maven.surefire.booter.ForkedBooter.execute(ForkedBooter.java:126) [surefire-booter-2.22.2.jar:2.22.2]
	at org.apache.maven.surefire.booter.ForkedBooter.main(ForkedBooter.java:418) [surefire-booter-2.22.2.jar:2.22.2]
2024-07-08 15:02:22 INFO  FareCalculatorService - Calculated price: 0.71
2024-07-08 15:02:22 INFO  ParkingService - Parking spot 1 set to unavailable: true
2024-07-10 21:35:24 INFO  FareCalculatorService - Calculated price: 22.34
2024-07-10 21:35:24 INFO  FareCalculatorService - Calculated price: 33.52
2024-07-10 21:35:24 INFO  FareCalculatorService - Calculated price: 0.49
2024-07-10 21:35:24 INFO  FareCalculatorService - Calculated price: 23.52
2024-07-10 21:35:24 INFO  FareCalculatorService - Parking duration is less than or equal to 30 minutes. No charge.
2024-07-10 21:35:24 INFO  FareCalculatorService - Calculated price: 0.74
2024-07-10 21:35:24 INFO  FareCalculatorService - Calculated price: 0.78
2024-07-10 21:35:24 INFO  FareCalculatorService - Calculated price: 0.52
2024-07-10 21:35:24 INFO  FareCalculatorService - Parking duration is less than or equal to 30 minutes. No charge.
2024-07-10 21:35:24 INFO  FareCalculatorService - Calculated price: 35.28
2024-07-10 21:35:25 INFO  DataBaseTestConfig - Creating DB connection
2024-07-10 21:35:27 INFO  DataBaseTestConfig - Closed Prepared Statement
2024-07-10 21:35:27 INFO  DataBaseTestConfig - Closed DB connection
2024-07-10 21:35:27 INFO  DataBaseTestConfig - Creating DB connection
2024-07-10 21:35:27 INFO  DataBaseTestConfig - Creating DB connection
2024-07-10 21:35:27 INFO  DataBaseTestConfig - Closed Result Set
2024-07-10 21:35:27 INFO  DataBaseTestConfig - Closed Prepared Statement
2024-07-10 21:35:27 INFO  DataBaseTestConfig - Closed DB connection
2024-07-10 21:35:27 INFO  DataBaseTestConfig - Creating DB connection
2024-07-10 21:35:27 INFO  DataBaseTestConfig - Closed Prepared Statement
2024-07-10 21:35:27 INFO  ParkingSpotDAO - Updated parking spot 1 to available: false
2024-07-10 21:35:27 INFO  DataBaseTestConfig - Closed DB connection
2024-07-10 21:35:27 INFO  ParkingService - Parking spot 1 set to unavailable: true
2024-07-10 21:35:27 INFO  DataBaseTestConfig - Creating DB connection
2024-07-10 21:35:27 INFO  DataBaseTestConfig - Creating DB connection
2024-07-10 21:35:27 INFO  DataBaseTestConfig - Creating DB connection
2024-07-10 21:35:27 INFO  DataBaseTestConfig - Creating DB connection
2024-07-10 21:35:27 INFO  DataBaseTestConfig - Closed Result Set
2024-07-10 21:35:27 INFO  DataBaseTestConfig - Closed Prepared Statement
2024-07-10 21:35:27 INFO  DataBaseTestConfig - Closed DB connection
2024-07-10 21:35:27 INFO  FareCalculatorService - Calculated price: 22.34
2024-07-10 21:35:27 INFO  FareCalculatorService - Calculated price: 33.52
2024-07-10 21:35:27 INFO  FareCalculatorService - Calculated price: 0.49
2024-07-10 21:35:27 INFO  FareCalculatorService - Calculated price: 23.52
2024-07-10 21:35:27 INFO  FareCalculatorService - Parking duration is less than or equal to 30 minutes. No charge.
2024-07-10 21:35:27 INFO  FareCalculatorService - Calculated price: 0.74
2024-07-10 21:35:27 INFO  FareCalculatorService - Calculated price: 0.78
2024-07-10 21:35:27 INFO  FareCalculatorService - Calculated price: 0.52
2024-07-10 21:35:27 INFO  FareCalculatorService - Parking duration is less than or equal to 30 minutes. No charge.
2024-07-10 21:35:27 INFO  FareCalculatorService - Calculated price: 35.28
2024-07-10 21:35:28 INFO  DataBaseTestConfig - Creating DB connection
2024-07-10 21:35:28 INFO  DataBaseTestConfig - Creating DB connection
2024-07-10 21:35:28 INFO  FareCalculatorService - Parking duration is less than or equal to 30 minutes. No charge.
2024-07-10 21:35:28 INFO  DataBaseTestConfig - Creating DB connection
2024-07-10 21:35:28 INFO  DataBaseTestConfig - Creating DB connection
2024-07-10 21:35:28 INFO  DataBaseTestConfig - Closed Prepared Statement
2024-07-10 21:35:28 INFO  ParkingSpotDAO - Updated parking spot 1 to available: true
2024-07-10 21:35:28 INFO  DataBaseTestConfig - Closed DB connection
2024-07-10 21:35:28 INFO  DataBaseTestConfig - Creating DB connection
2024-07-10 21:35:28 INFO  DataBaseTestConfig - Creating DB connection
2024-07-10 21:35:28 INFO  DataBaseTestConfig - Closed Result Set
2024-07-10 21:35:28 INFO  DataBaseTestConfig - Closed Prepared Statement
2024-07-10 21:35:28 INFO  DataBaseTestConfig - Closed DB connection
2024-07-10 21:35:28 INFO  DataBaseTestConfig - Creating DB connection
2024-07-10 21:35:28 INFO  DataBaseTestConfig - Creating DB connection
2024-07-10 21:35:28 INFO  DataBaseTestConfig - Closed Result Set
2024-07-10 21:35:28 INFO  DataBaseTestConfig - Closed Prepared Statement
2024-07-10 21:35:28 INFO  DataBaseTestConfig - Closed DB connection
2024-07-10 21:35:28 INFO  DataBaseTestConfig - Creating DB connection
2024-07-10 21:35:28 INFO  DataBaseTestConfig - Closed Prepared Statement
2024-07-10 21:35:28 INFO  ParkingSpotDAO - Updated parking spot 1 to available: false
2024-07-10 21:35:28 INFO  DataBaseTestConfig - Closed DB connection
2024-07-10 21:35:28 INFO  ParkingService - Parking spot 1 set to unavailable: true
2024-07-10 21:35:28 INFO  DataBaseTestConfig - Creating DB connection
2024-07-10 21:35:28 INFO  DataBaseTestConfig - Creating DB connection
2024-07-10 21:35:28 INFO  DataBaseTestConfig - Creating DB connection
2024-07-10 21:35:28 INFO  DataBaseTestConfig - Creating DB connection
2024-07-10 21:35:28 INFO  DataBaseTestConfig - Closed Result Set
2024-07-10 21:35:28 INFO  DataBaseTestConfig - Closed Prepared Statement
2024-07-10 21:35:28 INFO  DataBaseTestConfig - Closed DB connection
2024-07-10 21:35:29 INFO  DataBaseTestConfig - Creating DB connection
2024-07-10 21:35:29 INFO  DataBaseTestConfig - Creating DB connection
2024-07-10 21:35:29 INFO  FareCalculatorService - Parking duration is less than or equal to 30 minutes. No charge.
2024-07-10 21:35:29 INFO  DataBaseTestConfig - Creating DB connection
2024-07-10 21:35:29 INFO  DataBaseTestConfig - Creating DB connection
2024-07-10 21:35:29 INFO  DataBaseTestConfig - Closed Prepared Statement
2024-07-10 21:35:29 INFO  ParkingSpotDAO - Updated parking spot 1 to available: true
2024-07-10 21:35:29 INFO  DataBaseTestConfig - Closed DB connection
2024-07-10 21:35:29 INFO  DataBaseTestConfig - Creating DB connection
2024-07-10 21:35:29 INFO  DataBaseTestConfig - Creating DB connection
2024-07-10 21:35:30 INFO  DataBaseTestConfig - Closed Prepared Statement
2024-07-10 21:35:30 INFO  DataBaseTestConfig - Closed DB connection
2024-07-10 21:35:30 INFO  DataBaseTestConfig - Creating DB connection
2024-07-10 21:35:30 INFO  DataBaseTestConfig - Creating DB connection
2024-07-10 21:35:30 INFO  DataBaseTestConfig - Closed Result Set
2024-07-10 21:35:30 INFO  DataBaseTestConfig - Closed Prepared Statement
2024-07-10 21:35:30 INFO  DataBaseTestConfig - Closed DB connection
2024-07-10 21:35:30 INFO  DataBaseTestConfig - Creating DB connection
2024-07-10 21:35:30 INFO  DataBaseTestConfig - Closed Prepared Statement
2024-07-10 21:35:30 INFO  ParkingSpotDAO - Updated parking spot 1 to available: false
2024-07-10 21:35:30 INFO  DataBaseTestConfig - Closed DB connection
2024-07-10 21:35:30 INFO  ParkingService - Parking spot 1 set to unavailable: true
2024-07-10 21:35:30 INFO  DataBaseTestConfig - Creating DB connection
2024-07-10 21:35:30 INFO  DataBaseTestConfig - Creating DB connection
2024-07-10 21:35:30 INFO  DataBaseTestConfig - Creating DB connection
2024-07-10 21:35:30 INFO  DataBaseTestConfig - Creating DB connection
2024-07-10 21:35:30 INFO  DataBaseTestConfig - Closed Result Set
2024-07-10 21:35:30 INFO  DataBaseTestConfig - Closed Prepared Statement
2024-07-10 21:35:30 INFO  DataBaseTestConfig - Closed DB connection
2024-07-10 21:35:31 INFO  DataBaseTestConfig - Creating DB connection
2024-07-10 21:35:31 INFO  DataBaseTestConfig - Creating DB connection
2024-07-10 21:35:31 INFO  FareCalculatorService - Parking duration is less than or equal to 30 minutes. No charge.
2024-07-10 21:35:31 INFO  DataBaseTestConfig - Creating DB connection
2024-07-10 21:35:31 INFO  DataBaseTestConfig - Creating DB connection
2024-07-10 21:35:31 INFO  DataBaseTestConfig - Closed Prepared Statement
2024-07-10 21:35:31 INFO  ParkingSpotDAO - Updated parking spot 1 to available: true
2024-07-10 21:35:31 INFO  DataBaseTestConfig - Closed DB connection
2024-07-10 21:35:31 INFO  DataBaseTestConfig - Creating DB connection
2024-07-10 21:35:31 INFO  DataBaseTestConfig - Creating DB connection
2024-07-10 21:35:31 INFO  DataBaseTestConfig - Closed Result Set
2024-07-10 21:35:31 INFO  DataBaseTestConfig - Closed Prepared Statement
2024-07-10 21:35:31 INFO  DataBaseTestConfig - Closed DB connection
2024-07-10 21:35:31 INFO  DataBaseTestConfig - Creating DB connection
2024-07-10 21:35:31 INFO  DataBaseTestConfig - Closed Prepared Statement
2024-07-10 21:35:31 INFO  DataBaseTestConfig - Closed DB connection
2024-07-10 21:35:31 INFO  DataBaseTestConfig - Creating DB connection
2024-07-10 21:35:31 INFO  DataBaseTestConfig - Creating DB connection
2024-07-10 21:35:31 INFO  DataBaseTestConfig - Closed Result Set
2024-07-10 21:35:31 INFO  DataBaseTestConfig - Closed Prepared Statement
2024-07-10 21:35:31 INFO  DataBaseTestConfig - Closed DB connection
2024-07-10 21:35:31 INFO  DataBaseTestConfig - Creating DB connection
2024-07-10 21:35:31 INFO  DataBaseTestConfig - Closed Prepared Statement
2024-07-10 21:35:31 INFO  ParkingSpotDAO - Updated parking spot 1 to available: false
2024-07-10 21:35:31 INFO  DataBaseTestConfig - Closed DB connection
2024-07-10 21:35:31 INFO  ParkingService - Parking spot 1 set to unavailable: true
2024-07-10 21:35:31 INFO  DataBaseTestConfig - Creating DB connection
2024-07-10 21:35:31 INFO  DataBaseTestConfig - Creating DB connection
2024-07-10 21:35:31 INFO  DataBaseTestConfig - Creating DB connection
2024-07-10 21:35:31 INFO  DataBaseTestConfig - Creating DB connection
2024-07-10 21:35:31 INFO  DataBaseTestConfig - Closed Result Set
2024-07-10 21:35:31 INFO  DataBaseTestConfig - Closed Prepared Statement
2024-07-10 21:35:31 INFO  DataBaseTestConfig - Closed DB connection
2024-07-10 21:35:31 ERROR ParkingService - Error fetching next available parking slot
java.lang.Exception: Error fetching parking number from DB. Parking slots might be full
	at com.parkit.parkingsystem.service.ParkingService.getNextParkingNumberIfAvailable(ParkingService.java:144) ~[classes/:?]
	at com.parkit.parkingsystem.ParkingServiceTest.testGetNextParkingNumberIfAvailableParkingNumberNotFound(ParkingServiceTest.java:137) ~[test-classes/:?]
	at jdk.internal.reflect.NativeMethodAccessorImpl.invoke0(Native Method) ~[?:?]
	at jdk.internal.reflect.NativeMethodAccessorImpl.invoke(NativeMethodAccessorImpl.java:77) ~[?:?]
	at jdk.internal.reflect.DelegatingMethodAccessorImpl.invoke(DelegatingMethodAccessorImpl.java:43) ~[?:?]
	at java.lang.reflect.Method.invoke(Method.java:568) ~[?:?]
	at org.junit.platform.commons.util.ReflectionUtils.invokeMethod(ReflectionUtils.java:532) ~[junit-platform-commons-1.3.2.jar:1.3.2]
	at org.junit.jupiter.engine.execution.ExecutableInvoker.invoke(ExecutableInvoker.java:115) ~[junit-jupiter-engine-5.3.2.jar:5.3.2]
	at org.junit.jupiter.engine.descriptor.TestMethodTestDescriptor.lambda$invokeTestMethod$6(TestMethodTestDescriptor.java:171) ~[junit-jupiter-engine-5.3.2.jar:5.3.2]
	at org.junit.platform.engine.support.hierarchical.ThrowableCollector.execute(ThrowableCollector.java:72) ~[junit-platform-engine-1.3.2.jar:1.3.2]
	at org.junit.jupiter.engine.descriptor.TestMethodTestDescriptor.invokeTestMethod(TestMethodTestDescriptor.java:167) ~[junit-jupiter-engine-5.3.2.jar:5.3.2]
	at org.junit.jupiter.engine.descriptor.TestMethodTestDescriptor.execute(TestMethodTestDescriptor.java:114) ~[junit-jupiter-engine-5.3.2.jar:5.3.2]
	at org.junit.jupiter.engine.descriptor.TestMethodTestDescriptor.execute(TestMethodTestDescriptor.java:59) ~[junit-jupiter-engine-5.3.2.jar:5.3.2]
	at org.junit.platform.engine.support.hierarchical.NodeTestTask.lambda$executeRecursively$4(NodeTestTask.java:108) ~[junit-platform-engine-1.3.2.jar:1.3.2]
	at org.junit.platform.engine.support.hierarchical.ThrowableCollector.execute(ThrowableCollector.java:72) ~[junit-platform-engine-1.3.2.jar:1.3.2]
	at org.junit.platform.engine.support.hierarchical.NodeTestTask.executeRecursively(NodeTestTask.java:98) ~[junit-platform-engine-1.3.2.jar:1.3.2]
	at org.junit.platform.engine.support.hierarchical.NodeTestTask.execute(NodeTestTask.java:74) ~[junit-platform-engine-1.3.2.jar:1.3.2]
	at java.util.ArrayList.forEach(ArrayList.java:1511) ~[?:?]
	at org.junit.platform.engine.support.hierarchical.SameThreadHierarchicalTestExecutorService.invokeAll(SameThreadHierarchicalTestExecutorService.java:38) ~[junit-platform-engine-1.3.2.jar:1.3.2]
	at org.junit.platform.engine.support.hierarchical.NodeTestTask.lambda$executeRecursively$4(NodeTestTask.java:112) ~[junit-platform-engine-1.3.2.jar:1.3.2]
	at org.junit.platform.engine.support.hierarchical.ThrowableCollector.execute(ThrowableCollector.java:72) ~[junit-platform-engine-1.3.2.jar:1.3.2]
	at org.junit.platform.engine.support.hierarchical.NodeTestTask.executeRecursively(NodeTestTask.java:98) ~[junit-platform-engine-1.3.2.jar:1.3.2]
	at org.junit.platform.engine.support.hierarchical.NodeTestTask.execute(NodeTestTask.java:74) ~[junit-platform-engine-1.3.2.jar:1.3.2]
	at java.util.ArrayList.forEach(ArrayList.java:1511) ~[?:?]
	at org.junit.platform.engine.support.hierarchical.SameThreadHierarchicalTestExecutorService.invokeAll(SameThreadHierarchicalTestExecutorService.java:38) ~[junit-platform-engine-1.3.2.jar:1.3.2]
	at org.junit.platform.engine.support.hierarchical.NodeTestTask.lambda$executeRecursively$4(NodeTestTask.java:112) ~[junit-platform-engine-1.3.2.jar:1.3.2]
	at org.junit.platform.engine.support.hierarchical.ThrowableCollector.execute(ThrowableCollector.java:72) ~[junit-platform-engine-1.3.2.jar:1.3.2]
	at org.junit.platform.engine.support.hierarchical.NodeTestTask.executeRecursively(NodeTestTask.java:98) ~[junit-platform-engine-1.3.2.jar:1.3.2]
	at org.junit.platform.engine.support.hierarchical.NodeTestTask.execute(NodeTestTask.java:74) ~[junit-platform-engine-1.3.2.jar:1.3.2]
	at org.junit.platform.engine.support.hierarchical.SameThreadHierarchicalTestExecutorService.submit(SameThreadHierarchicalTestExecutorService.java:32) ~[junit-platform-engine-1.3.2.jar:1.3.2]
	at org.junit.platform.engine.support.hierarchical.HierarchicalTestExecutor.execute(HierarchicalTestExecutor.java:57) ~[junit-platform-engine-1.3.2.jar:1.3.2]
	at org.junit.platform.engine.support.hierarchical.HierarchicalTestEngine.execute(HierarchicalTestEngine.java:51) ~[junit-platform-engine-1.3.2.jar:1.3.2]
	at org.junit.platform.launcher.core.DefaultLauncher.execute(DefaultLauncher.java:220) ~[junit-platform-launcher-1.3.1.jar:1.3.1]
	at org.junit.platform.launcher.core.DefaultLauncher.lambda$execute$6(DefaultLauncher.java:188) ~[junit-platform-launcher-1.3.1.jar:1.3.1]
	at org.junit.platform.launcher.core.DefaultLauncher.withInterceptedStreams(DefaultLauncher.java:202) [junit-platform-launcher-1.3.1.jar:1.3.1]
	at org.junit.platform.launcher.core.DefaultLauncher.execute(DefaultLauncher.java:181) [junit-platform-launcher-1.3.1.jar:1.3.1]
	at org.junit.platform.launcher.core.DefaultLauncher.execute(DefaultLauncher.java:128) [junit-platform-launcher-1.3.1.jar:1.3.1]
	at org.apache.maven.surefire.junitplatform.JUnitPlatformProvider.invokeAllTests(JUnitPlatformProvider.java:150) [surefire-junit-platform-2.22.2.jar:2.22.2]
	at org.apache.maven.surefire.junitplatform.JUnitPlatformProvider.invoke(JUnitPlatformProvider.java:124) [surefire-junit-platform-2.22.2.jar:2.22.2]
	at org.apache.maven.surefire.booter.ForkedBooter.invokeProviderInSameClassLoader(ForkedBooter.java:384) [surefire-booter-2.22.2.jar:2.22.2]
	at org.apache.maven.surefire.booter.ForkedBooter.runSuitesInProcess(ForkedBooter.java:345) [surefire-booter-2.22.2.jar:2.22.2]
	at org.apache.maven.surefire.booter.ForkedBooter.execute(ForkedBooter.java:126) [surefire-booter-2.22.2.jar:2.22.2]
	at org.apache.maven.surefire.booter.ForkedBooter.main(ForkedBooter.java:418) [surefire-booter-2.22.2.jar:2.22.2]
2024-07-10 21:35:31 INFO  FareCalculatorService - Calculated price: 0.75
2024-07-10 21:35:31 ERROR ParkingService - Error parsing user input for type of vehicle
java.lang.IllegalArgumentException: Entered input is invalid
	at com.parkit.parkingsystem.service.ParkingService.getVehicleType(ParkingService.java:171) ~[classes/:?]
	at com.parkit.parkingsystem.service.ParkingService.getNextParkingNumberIfAvailable(ParkingService.java:141) ~[classes/:?]
	at com.parkit.parkingsystem.ParkingServiceTest.testGetNextParkingNumberIfAvailableParkingNumberWrongArgument(ParkingServiceTest.java:147) ~[test-classes/:?]
	at jdk.internal.reflect.NativeMethodAccessorImpl.invoke0(Native Method) ~[?:?]
	at jdk.internal.reflect.NativeMethodAccessorImpl.invoke(NativeMethodAccessorImpl.java:77) ~[?:?]
	at jdk.internal.reflect.DelegatingMethodAccessorImpl.invoke(DelegatingMethodAccessorImpl.java:43) ~[?:?]
	at java.lang.reflect.Method.invoke(Method.java:568) ~[?:?]
	at org.junit.platform.commons.util.ReflectionUtils.invokeMethod(ReflectionUtils.java:532) ~[junit-platform-commons-1.3.2.jar:1.3.2]
	at org.junit.jupiter.engine.execution.ExecutableInvoker.invoke(ExecutableInvoker.java:115) ~[junit-jupiter-engine-5.3.2.jar:5.3.2]
	at org.junit.jupiter.engine.descriptor.TestMethodTestDescriptor.lambda$invokeTestMethod$6(TestMethodTestDescriptor.java:171) ~[junit-jupiter-engine-5.3.2.jar:5.3.2]
	at org.junit.platform.engine.support.hierarchical.ThrowableCollector.execute(ThrowableCollector.java:72) ~[junit-platform-engine-1.3.2.jar:1.3.2]
	at org.junit.jupiter.engine.descriptor.TestMethodTestDescriptor.invokeTestMethod(TestMethodTestDescriptor.java:167) ~[junit-jupiter-engine-5.3.2.jar:5.3.2]
	at org.junit.jupiter.engine.descriptor.TestMethodTestDescriptor.execute(TestMethodTestDescriptor.java:114) ~[junit-jupiter-engine-5.3.2.jar:5.3.2]
	at org.junit.jupiter.engine.descriptor.TestMethodTestDescriptor.execute(TestMethodTestDescriptor.java:59) ~[junit-jupiter-engine-5.3.2.jar:5.3.2]
	at org.junit.platform.engine.support.hierarchical.NodeTestTask.lambda$executeRecursively$4(NodeTestTask.java:108) ~[junit-platform-engine-1.3.2.jar:1.3.2]
	at org.junit.platform.engine.support.hierarchical.ThrowableCollector.execute(ThrowableCollector.java:72) ~[junit-platform-engine-1.3.2.jar:1.3.2]
	at org.junit.platform.engine.support.hierarchical.NodeTestTask.executeRecursively(NodeTestTask.java:98) ~[junit-platform-engine-1.3.2.jar:1.3.2]
	at org.junit.platform.engine.support.hierarchical.NodeTestTask.execute(NodeTestTask.java:74) ~[junit-platform-engine-1.3.2.jar:1.3.2]
	at java.util.ArrayList.forEach(ArrayList.java:1511) ~[?:?]
	at org.junit.platform.engine.support.hierarchical.SameThreadHierarchicalTestExecutorService.invokeAll(SameThreadHierarchicalTestExecutorService.java:38) ~[junit-platform-engine-1.3.2.jar:1.3.2]
	at org.junit.platform.engine.support.hierarchical.NodeTestTask.lambda$executeRecursively$4(NodeTestTask.java:112) ~[junit-platform-engine-1.3.2.jar:1.3.2]
	at org.junit.platform.engine.support.hierarchical.ThrowableCollector.execute(ThrowableCollector.java:72) ~[junit-platform-engine-1.3.2.jar:1.3.2]
	at org.junit.platform.engine.support.hierarchical.NodeTestTask.executeRecursively(NodeTestTask.java:98) ~[junit-platform-engine-1.3.2.jar:1.3.2]
	at org.junit.platform.engine.support.hierarchical.NodeTestTask.execute(NodeTestTask.java:74) ~[junit-platform-engine-1.3.2.jar:1.3.2]
	at java.util.ArrayList.forEach(ArrayList.java:1511) ~[?:?]
	at org.junit.platform.engine.support.hierarchical.SameThreadHierarchicalTestExecutorService.invokeAll(SameThreadHierarchicalTestExecutorService.java:38) ~[junit-platform-engine-1.3.2.jar:1.3.2]
	at org.junit.platform.engine.support.hierarchical.NodeTestTask.lambda$executeRecursively$4(NodeTestTask.java:112) ~[junit-platform-engine-1.3.2.jar:1.3.2]
	at org.junit.platform.engine.support.hierarchical.ThrowableCollector.execute(ThrowableCollector.java:72) ~[junit-platform-engine-1.3.2.jar:1.3.2]
	at org.junit.platform.engine.support.hierarchical.NodeTestTask.executeRecursively(NodeTestTask.java:98) ~[junit-platform-engine-1.3.2.jar:1.3.2]
	at org.junit.platform.engine.support.hierarchical.NodeTestTask.execute(NodeTestTask.java:74) ~[junit-platform-engine-1.3.2.jar:1.3.2]
	at org.junit.platform.engine.support.hierarchical.SameThreadHierarchicalTestExecutorService.submit(SameThreadHierarchicalTestExecutorService.java:32) ~[junit-platform-engine-1.3.2.jar:1.3.2]
	at org.junit.platform.engine.support.hierarchical.HierarchicalTestExecutor.execute(HierarchicalTestExecutor.java:57) ~[junit-platform-engine-1.3.2.jar:1.3.2]
	at org.junit.platform.engine.support.hierarchical.HierarchicalTestEngine.execute(HierarchicalTestEngine.java:51) ~[junit-platform-engine-1.3.2.jar:1.3.2]
	at org.junit.platform.launcher.core.DefaultLauncher.execute(DefaultLauncher.java:220) ~[junit-platform-launcher-1.3.1.jar:1.3.1]
	at org.junit.platform.launcher.core.DefaultLauncher.lambda$execute$6(DefaultLauncher.java:188) ~[junit-platform-launcher-1.3.1.jar:1.3.1]
	at org.junit.platform.launcher.core.DefaultLauncher.withInterceptedStreams(DefaultLauncher.java:202) [junit-platform-launcher-1.3.1.jar:1.3.1]
	at org.junit.platform.launcher.core.DefaultLauncher.execute(DefaultLauncher.java:181) [junit-platform-launcher-1.3.1.jar:1.3.1]
	at org.junit.platform.launcher.core.DefaultLauncher.execute(DefaultLauncher.java:128) [junit-platform-launcher-1.3.1.jar:1.3.1]
	at org.apache.maven.surefire.junitplatform.JUnitPlatformProvider.invokeAllTests(JUnitPlatformProvider.java:150) [surefire-junit-platform-2.22.2.jar:2.22.2]
	at org.apache.maven.surefire.junitplatform.JUnitPlatformProvider.invoke(JUnitPlatformProvider.java:124) [surefire-junit-platform-2.22.2.jar:2.22.2]
	at org.apache.maven.surefire.booter.ForkedBooter.invokeProviderInSameClassLoader(ForkedBooter.java:384) [surefire-booter-2.22.2.jar:2.22.2]
	at org.apache.maven.surefire.booter.ForkedBooter.runSuitesInProcess(ForkedBooter.java:345) [surefire-booter-2.22.2.jar:2.22.2]
	at org.apache.maven.surefire.booter.ForkedBooter.execute(ForkedBooter.java:126) [surefire-booter-2.22.2.jar:2.22.2]
	at org.apache.maven.surefire.booter.ForkedBooter.main(ForkedBooter.java:418) [surefire-booter-2.22.2.jar:2.22.2]
2024-07-10 21:35:31 INFO  FareCalculatorService - Calculated price: 0.71
2024-07-10 21:35:31 INFO  ParkingService - Parking spot 1 set to unavailable: true
2024-07-10 21:38:45 INFO  App - Initializing Parking System
2024-07-10 21:38:45 INFO  InteractiveShell - App initialized!!!
2024-07-10 21:38:57 INFO  DataBaseConfig - Closed Result Set
2024-07-10 21:38:57 INFO  DataBaseConfig - Closed Prepared Statement
2024-07-10 21:38:57 INFO  DataBaseConfig - Closed DB connection
2024-07-10 21:38:57 ERROR ParkingService - Error fetching next available parking slot
java.lang.Exception: Error fetching parking number from DB. Parking slots might be full
	at com.parkit.parkingsystem.service.ParkingService.getNextParkingNumberIfAvailable(ParkingService.java:144) [classes/:?]
	at com.parkit.parkingsystem.service.ParkingService.processIncomingVehicle(ParkingService.java:47) [classes/:?]
	at com.parkit.parkingsystem.service.InteractiveShell.loadInterface(InteractiveShell.java:37) [classes/:?]
	at com.parkit.parkingsystem.App.main(App.java:19) [classes/:?]
2024-07-10 21:39:10 INFO  DataBaseConfig - Closed Result Set
2024-07-10 21:39:10 INFO  DataBaseConfig - Closed Prepared Statement
2024-07-10 21:39:10 INFO  DataBaseConfig - Closed DB connection
2024-07-10 21:39:10 INFO  DataBaseConfig - Closed Prepared Statement
2024-07-10 21:39:10 INFO  ParkingSpotDAO - Updated parking spot 5 to available: false
2024-07-10 21:39:10 INFO  DataBaseConfig - Closed DB connection
2024-07-10 21:39:10 INFO  ParkingService - Parking spot 5 set to unavailable: true
2024-07-10 21:39:18 INFO  FareCalculatorService - Parking duration is less than or equal to 30 minutes. No charge.
2024-07-10 21:39:18 INFO  DataBaseConfig - Closed Prepared Statement
2024-07-10 21:39:18 INFO  ParkingSpotDAO - Updated parking spot 5 to available: true
2024-07-10 21:39:18 INFO  DataBaseConfig - Closed DB connection
2024-07-10 21:39:46 INFO  FareCalculatorService - Calculated price: 136.64
2024-07-10 21:39:46 INFO  DataBaseConfig - Closed Prepared Statement
2024-07-10 21:39:46 INFO  ParkingSpotDAO - Updated parking spot 1 to available: true
2024-07-10 21:39:46 INFO  DataBaseConfig - Closed DB connection
2024-07-10 21:39:58 INFO  DataBaseConfig - Closed Result Set
2024-07-10 21:39:58 INFO  DataBaseConfig - Closed Prepared Statement
2024-07-10 21:39:58 INFO  DataBaseConfig - Closed DB connection
2024-07-10 21:39:58 INFO  DataBaseConfig - Closed Prepared Statement
2024-07-10 21:39:58 INFO  ParkingSpotDAO - Updated parking spot 1 to available: false
2024-07-10 21:39:58 INFO  DataBaseConfig - Closed DB connection
2024-07-10 21:39:58 INFO  ParkingService - Parking spot 1 set to unavailable: true
2024-07-10 21:41:24 ERROR ParkingService - Error fetching next available parking slot
java.lang.Exception: Error fetching parking number from DB. Parking slots might be full
	at com.parkit.parkingsystem.service.ParkingService.getNextParkingNumberIfAvailable(ParkingService.java:144) ~[classes/:?]
	at com.parkit.parkingsystem.ParkingServiceTest.testGetNextParkingNumberIfAvailableParkingNumberNotFound(ParkingServiceTest.java:137) ~[test-classes/:?]
	at jdk.internal.reflect.NativeMethodAccessorImpl.invoke0(Native Method) ~[?:?]
	at jdk.internal.reflect.NativeMethodAccessorImpl.invoke(NativeMethodAccessorImpl.java:77) ~[?:?]
	at jdk.internal.reflect.DelegatingMethodAccessorImpl.invoke(DelegatingMethodAccessorImpl.java:43) ~[?:?]
	at java.lang.reflect.Method.invoke(Method.java:568) ~[?:?]
	at org.junit.platform.commons.util.ReflectionUtils.invokeMethod(ReflectionUtils.java:532) ~[junit-platform-commons-1.3.2.jar:1.3.2]
	at org.junit.jupiter.engine.execution.ExecutableInvoker.invoke(ExecutableInvoker.java:115) ~[junit-jupiter-engine-5.3.2.jar:5.3.2]
	at org.junit.jupiter.engine.descriptor.TestMethodTestDescriptor.lambda$invokeTestMethod$6(TestMethodTestDescriptor.java:171) ~[junit-jupiter-engine-5.3.2.jar:5.3.2]
	at org.junit.platform.engine.support.hierarchical.ThrowableCollector.execute(ThrowableCollector.java:72) ~[junit-platform-engine-1.3.2.jar:1.3.2]
	at org.junit.jupiter.engine.descriptor.TestMethodTestDescriptor.invokeTestMethod(TestMethodTestDescriptor.java:167) ~[junit-jupiter-engine-5.3.2.jar:5.3.2]
	at org.junit.jupiter.engine.descriptor.TestMethodTestDescriptor.execute(TestMethodTestDescriptor.java:114) ~[junit-jupiter-engine-5.3.2.jar:5.3.2]
	at org.junit.jupiter.engine.descriptor.TestMethodTestDescriptor.execute(TestMethodTestDescriptor.java:59) ~[junit-jupiter-engine-5.3.2.jar:5.3.2]
	at org.junit.platform.engine.support.hierarchical.NodeTestTask.lambda$executeRecursively$4(NodeTestTask.java:108) ~[junit-platform-engine-1.3.2.jar:1.3.2]
	at org.junit.platform.engine.support.hierarchical.ThrowableCollector.execute(ThrowableCollector.java:72) ~[junit-platform-engine-1.3.2.jar:1.3.2]
	at org.junit.platform.engine.support.hierarchical.NodeTestTask.executeRecursively(NodeTestTask.java:98) ~[junit-platform-engine-1.3.2.jar:1.3.2]
	at org.junit.platform.engine.support.hierarchical.NodeTestTask.execute(NodeTestTask.java:74) ~[junit-platform-engine-1.3.2.jar:1.3.2]
	at java.util.ArrayList.forEach(ArrayList.java:1511) ~[?:?]
	at org.junit.platform.engine.support.hierarchical.SameThreadHierarchicalTestExecutorService.invokeAll(SameThreadHierarchicalTestExecutorService.java:38) ~[junit-platform-engine-1.3.2.jar:1.3.2]
	at org.junit.platform.engine.support.hierarchical.NodeTestTask.lambda$executeRecursively$4(NodeTestTask.java:112) ~[junit-platform-engine-1.3.2.jar:1.3.2]
	at org.junit.platform.engine.support.hierarchical.ThrowableCollector.execute(ThrowableCollector.java:72) ~[junit-platform-engine-1.3.2.jar:1.3.2]
	at org.junit.platform.engine.support.hierarchical.NodeTestTask.executeRecursively(NodeTestTask.java:98) ~[junit-platform-engine-1.3.2.jar:1.3.2]
	at org.junit.platform.engine.support.hierarchical.NodeTestTask.execute(NodeTestTask.java:74) ~[junit-platform-engine-1.3.2.jar:1.3.2]
	at java.util.ArrayList.forEach(ArrayList.java:1511) ~[?:?]
	at org.junit.platform.engine.support.hierarchical.SameThreadHierarchicalTestExecutorService.invokeAll(SameThreadHierarchicalTestExecutorService.java:38) ~[junit-platform-engine-1.3.2.jar:1.3.2]
	at org.junit.platform.engine.support.hierarchical.NodeTestTask.lambda$executeRecursively$4(NodeTestTask.java:112) ~[junit-platform-engine-1.3.2.jar:1.3.2]
	at org.junit.platform.engine.support.hierarchical.ThrowableCollector.execute(ThrowableCollector.java:72) ~[junit-platform-engine-1.3.2.jar:1.3.2]
	at org.junit.platform.engine.support.hierarchical.NodeTestTask.executeRecursively(NodeTestTask.java:98) ~[junit-platform-engine-1.3.2.jar:1.3.2]
	at org.junit.platform.engine.support.hierarchical.NodeTestTask.execute(NodeTestTask.java:74) ~[junit-platform-engine-1.3.2.jar:1.3.2]
	at org.junit.platform.engine.support.hierarchical.SameThreadHierarchicalTestExecutorService.submit(SameThreadHierarchicalTestExecutorService.java:32) ~[junit-platform-engine-1.3.2.jar:1.3.2]
	at org.junit.platform.engine.support.hierarchical.HierarchicalTestExecutor.execute(HierarchicalTestExecutor.java:57) ~[junit-platform-engine-1.3.2.jar:1.3.2]
	at org.junit.platform.engine.support.hierarchical.HierarchicalTestEngine.execute(HierarchicalTestEngine.java:51) ~[junit-platform-engine-1.3.2.jar:1.3.2]
	at org.junit.platform.launcher.core.DefaultLauncher.execute(DefaultLauncher.java:220) ~[junit-platform-launcher-1.3.2.jar:1.3.2]
	at org.junit.platform.launcher.core.DefaultLauncher.lambda$execute$6(DefaultLauncher.java:188) ~[junit-platform-launcher-1.3.2.jar:1.3.2]
	at org.junit.platform.launcher.core.DefaultLauncher.withInterceptedStreams(DefaultLauncher.java:202) [junit-platform-launcher-1.3.2.jar:1.3.2]
	at org.junit.platform.launcher.core.DefaultLauncher.execute(DefaultLauncher.java:181) [junit-platform-launcher-1.3.2.jar:1.3.2]
	at org.junit.platform.launcher.core.DefaultLauncher.execute(DefaultLauncher.java:128) [junit-platform-launcher-1.3.2.jar:1.3.2]
	at org.eclipse.jdt.internal.junit5.runner.JUnit5TestReference.run(JUnit5TestReference.java:100) [.cp/:?]
	at org.eclipse.jdt.internal.junit.runner.TestExecution.run(TestExecution.java:40) [.cp/:?]
	at org.eclipse.jdt.internal.junit.runner.RemoteTestRunner.runTests(RemoteTestRunner.java:529) [.cp/:?]
	at org.eclipse.jdt.internal.junit.runner.RemoteTestRunner.runTests(RemoteTestRunner.java:757) [.cp/:?]
	at org.eclipse.jdt.internal.junit.runner.RemoteTestRunner.run(RemoteTestRunner.java:452) [.cp/:?]
	at org.eclipse.jdt.internal.junit.runner.RemoteTestRunner.main(RemoteTestRunner.java:210) [.cp/:?]
2024-07-10 21:41:24 INFO  FareCalculatorService - Calculated price: 0.75
2024-07-10 21:41:24 ERROR ParkingService - Error parsing user input for type of vehicle
java.lang.IllegalArgumentException: Entered input is invalid
	at com.parkit.parkingsystem.service.ParkingService.getVehicleType(ParkingService.java:171) ~[classes/:?]
	at com.parkit.parkingsystem.service.ParkingService.getNextParkingNumberIfAvailable(ParkingService.java:141) ~[classes/:?]
	at com.parkit.parkingsystem.ParkingServiceTest.testGetNextParkingNumberIfAvailableParkingNumberWrongArgument(ParkingServiceTest.java:147) ~[test-classes/:?]
	at jdk.internal.reflect.NativeMethodAccessorImpl.invoke0(Native Method) ~[?:?]
	at jdk.internal.reflect.NativeMethodAccessorImpl.invoke(NativeMethodAccessorImpl.java:77) ~[?:?]
	at jdk.internal.reflect.DelegatingMethodAccessorImpl.invoke(DelegatingMethodAccessorImpl.java:43) ~[?:?]
	at java.lang.reflect.Method.invoke(Method.java:568) ~[?:?]
	at org.junit.platform.commons.util.ReflectionUtils.invokeMethod(ReflectionUtils.java:532) ~[junit-platform-commons-1.3.2.jar:1.3.2]
	at org.junit.jupiter.engine.execution.ExecutableInvoker.invoke(ExecutableInvoker.java:115) ~[junit-jupiter-engine-5.3.2.jar:5.3.2]
	at org.junit.jupiter.engine.descriptor.TestMethodTestDescriptor.lambda$invokeTestMethod$6(TestMethodTestDescriptor.java:171) ~[junit-jupiter-engine-5.3.2.jar:5.3.2]
	at org.junit.platform.engine.support.hierarchical.ThrowableCollector.execute(ThrowableCollector.java:72) ~[junit-platform-engine-1.3.2.jar:1.3.2]
	at org.junit.jupiter.engine.descriptor.TestMethodTestDescriptor.invokeTestMethod(TestMethodTestDescriptor.java:167) ~[junit-jupiter-engine-5.3.2.jar:5.3.2]
	at org.junit.jupiter.engine.descriptor.TestMethodTestDescriptor.execute(TestMethodTestDescriptor.java:114) ~[junit-jupiter-engine-5.3.2.jar:5.3.2]
	at org.junit.jupiter.engine.descriptor.TestMethodTestDescriptor.execute(TestMethodTestDescriptor.java:59) ~[junit-jupiter-engine-5.3.2.jar:5.3.2]
	at org.junit.platform.engine.support.hierarchical.NodeTestTask.lambda$executeRecursively$4(NodeTestTask.java:108) ~[junit-platform-engine-1.3.2.jar:1.3.2]
	at org.junit.platform.engine.support.hierarchical.ThrowableCollector.execute(ThrowableCollector.java:72) ~[junit-platform-engine-1.3.2.jar:1.3.2]
	at org.junit.platform.engine.support.hierarchical.NodeTestTask.executeRecursively(NodeTestTask.java:98) ~[junit-platform-engine-1.3.2.jar:1.3.2]
	at org.junit.platform.engine.support.hierarchical.NodeTestTask.execute(NodeTestTask.java:74) ~[junit-platform-engine-1.3.2.jar:1.3.2]
	at java.util.ArrayList.forEach(ArrayList.java:1511) ~[?:?]
	at org.junit.platform.engine.support.hierarchical.SameThreadHierarchicalTestExecutorService.invokeAll(SameThreadHierarchicalTestExecutorService.java:38) ~[junit-platform-engine-1.3.2.jar:1.3.2]
	at org.junit.platform.engine.support.hierarchical.NodeTestTask.lambda$executeRecursively$4(NodeTestTask.java:112) ~[junit-platform-engine-1.3.2.jar:1.3.2]
	at org.junit.platform.engine.support.hierarchical.ThrowableCollector.execute(ThrowableCollector.java:72) ~[junit-platform-engine-1.3.2.jar:1.3.2]
	at org.junit.platform.engine.support.hierarchical.NodeTestTask.executeRecursively(NodeTestTask.java:98) ~[junit-platform-engine-1.3.2.jar:1.3.2]
	at org.junit.platform.engine.support.hierarchical.NodeTestTask.execute(NodeTestTask.java:74) ~[junit-platform-engine-1.3.2.jar:1.3.2]
	at java.util.ArrayList.forEach(ArrayList.java:1511) ~[?:?]
	at org.junit.platform.engine.support.hierarchical.SameThreadHierarchicalTestExecutorService.invokeAll(SameThreadHierarchicalTestExecutorService.java:38) ~[junit-platform-engine-1.3.2.jar:1.3.2]
	at org.junit.platform.engine.support.hierarchical.NodeTestTask.lambda$executeRecursively$4(NodeTestTask.java:112) ~[junit-platform-engine-1.3.2.jar:1.3.2]
	at org.junit.platform.engine.support.hierarchical.ThrowableCollector.execute(ThrowableCollector.java:72) ~[junit-platform-engine-1.3.2.jar:1.3.2]
	at org.junit.platform.engine.support.hierarchical.NodeTestTask.executeRecursively(NodeTestTask.java:98) ~[junit-platform-engine-1.3.2.jar:1.3.2]
	at org.junit.platform.engine.support.hierarchical.NodeTestTask.execute(NodeTestTask.java:74) ~[junit-platform-engine-1.3.2.jar:1.3.2]
	at org.junit.platform.engine.support.hierarchical.SameThreadHierarchicalTestExecutorService.submit(SameThreadHierarchicalTestExecutorService.java:32) ~[junit-platform-engine-1.3.2.jar:1.3.2]
	at org.junit.platform.engine.support.hierarchical.HierarchicalTestExecutor.execute(HierarchicalTestExecutor.java:57) ~[junit-platform-engine-1.3.2.jar:1.3.2]
	at org.junit.platform.engine.support.hierarchical.HierarchicalTestEngine.execute(HierarchicalTestEngine.java:51) ~[junit-platform-engine-1.3.2.jar:1.3.2]
	at org.junit.platform.launcher.core.DefaultLauncher.execute(DefaultLauncher.java:220) ~[junit-platform-launcher-1.3.2.jar:1.3.2]
	at org.junit.platform.launcher.core.DefaultLauncher.lambda$execute$6(DefaultLauncher.java:188) ~[junit-platform-launcher-1.3.2.jar:1.3.2]
	at org.junit.platform.launcher.core.DefaultLauncher.withInterceptedStreams(DefaultLauncher.java:202) [junit-platform-launcher-1.3.2.jar:1.3.2]
	at org.junit.platform.launcher.core.DefaultLauncher.execute(DefaultLauncher.java:181) [junit-platform-launcher-1.3.2.jar:1.3.2]
	at org.junit.platform.launcher.core.DefaultLauncher.execute(DefaultLauncher.java:128) [junit-platform-launcher-1.3.2.jar:1.3.2]
	at org.eclipse.jdt.internal.junit5.runner.JUnit5TestReference.run(JUnit5TestReference.java:100) [.cp/:?]
	at org.eclipse.jdt.internal.junit.runner.TestExecution.run(TestExecution.java:40) [.cp/:?]
	at org.eclipse.jdt.internal.junit.runner.RemoteTestRunner.runTests(RemoteTestRunner.java:529) [.cp/:?]
	at org.eclipse.jdt.internal.junit.runner.RemoteTestRunner.runTests(RemoteTestRunner.java:757) [.cp/:?]
	at org.eclipse.jdt.internal.junit.runner.RemoteTestRunner.run(RemoteTestRunner.java:452) [.cp/:?]
	at org.eclipse.jdt.internal.junit.runner.RemoteTestRunner.main(RemoteTestRunner.java:210) [.cp/:?]
2024-07-10 21:41:24 INFO  FareCalculatorService - Calculated price: 0.71
2024-07-10 21:41:24 INFO  ParkingService - Parking spot 1 set to unavailable: true
2024-07-10 21:41:24 INFO  FareCalculatorService - Calculated price: 22.34
2024-07-10 21:41:24 INFO  FareCalculatorService - Calculated price: 33.52
2024-07-10 21:41:24 INFO  FareCalculatorService - Calculated price: 0.49
2024-07-10 21:41:24 INFO  FareCalculatorService - Calculated price: 23.52
2024-07-10 21:41:24 INFO  FareCalculatorService - Parking duration is less than or equal to 30 minutes. No charge.
2024-07-10 21:41:24 INFO  FareCalculatorService - Calculated price: 0.74
2024-07-10 21:41:24 INFO  FareCalculatorService - Calculated price: 0.78
2024-07-10 21:41:24 INFO  FareCalculatorService - Calculated price: 0.52
2024-07-10 21:41:24 INFO  FareCalculatorService - Parking duration is less than or equal to 30 minutes. No charge.
2024-07-10 21:41:24 INFO  FareCalculatorService - Calculated price: 35.28
2024-07-10 21:41:24 INFO  DataBaseTestConfig - Creating DB connection
2024-07-10 21:41:25 INFO  DataBaseTestConfig - Closed Prepared Statement
2024-07-10 21:41:25 INFO  DataBaseTestConfig - Closed DB connection
2024-07-10 21:41:25 INFO  DataBaseTestConfig - Creating DB connection
2024-07-10 21:41:26 INFO  DataBaseTestConfig - Creating DB connection
2024-07-10 21:41:26 INFO  DataBaseTestConfig - Closed Result Set
2024-07-10 21:41:26 INFO  DataBaseTestConfig - Closed Prepared Statement
2024-07-10 21:41:26 INFO  DataBaseTestConfig - Closed DB connection
2024-07-10 21:41:26 INFO  DataBaseTestConfig - Creating DB connection
2024-07-10 21:41:26 INFO  DataBaseTestConfig - Closed Prepared Statement
2024-07-10 21:41:26 INFO  ParkingSpotDAO - Updated parking spot 1 to available: false
2024-07-10 21:41:26 INFO  DataBaseTestConfig - Closed DB connection
2024-07-10 21:41:26 INFO  ParkingService - Parking spot 1 set to unavailable: true
2024-07-10 21:41:26 INFO  DataBaseTestConfig - Creating DB connection
2024-07-10 21:41:26 INFO  DataBaseTestConfig - Creating DB connection
2024-07-10 21:41:26 INFO  DataBaseTestConfig - Creating DB connection
2024-07-10 21:41:26 INFO  DataBaseTestConfig - Creating DB connection
2024-07-10 21:41:26 INFO  DataBaseTestConfig - Closed Result Set
2024-07-10 21:41:26 INFO  DataBaseTestConfig - Closed Prepared Statement
2024-07-10 21:41:26 INFO  DataBaseTestConfig - Closed DB connection
2024-07-10 21:41:27 INFO  DataBaseTestConfig - Creating DB connection
2024-07-10 21:41:27 INFO  DataBaseTestConfig - Creating DB connection
2024-07-10 21:41:27 INFO  FareCalculatorService - Parking duration is less than or equal to 30 minutes. No charge.
2024-07-10 21:41:27 INFO  DataBaseTestConfig - Creating DB connection
2024-07-10 21:41:27 INFO  DataBaseTestConfig - Creating DB connection
2024-07-10 21:41:27 INFO  DataBaseTestConfig - Closed Prepared Statement
2024-07-10 21:41:27 INFO  ParkingSpotDAO - Updated parking spot 1 to available: true
2024-07-10 21:41:27 INFO  DataBaseTestConfig - Closed DB connection
2024-07-10 21:41:27 INFO  DataBaseTestConfig - Creating DB connection
2024-07-10 21:41:27 INFO  DataBaseTestConfig - Creating DB connection
2024-07-10 21:41:27 INFO  DataBaseTestConfig - Closed Result Set
2024-07-10 21:41:27 INFO  DataBaseTestConfig - Closed Prepared Statement
2024-07-10 21:41:27 INFO  DataBaseTestConfig - Closed DB connection
2024-07-10 21:41:27 INFO  DataBaseTestConfig - Creating DB connection
2024-07-10 21:41:27 INFO  DataBaseTestConfig - Creating DB connection
2024-07-10 21:41:27 INFO  DataBaseTestConfig - Closed Result Set
2024-07-10 21:41:27 INFO  DataBaseTestConfig - Closed Prepared Statement
2024-07-10 21:41:27 INFO  DataBaseTestConfig - Closed DB connection
2024-07-10 21:41:27 INFO  DataBaseTestConfig - Creating DB connection
2024-07-10 21:41:27 INFO  DataBaseTestConfig - Closed Prepared Statement
2024-07-10 21:41:27 INFO  ParkingSpotDAO - Updated parking spot 1 to available: false
2024-07-10 21:41:27 INFO  DataBaseTestConfig - Closed DB connection
2024-07-10 21:41:27 INFO  ParkingService - Parking spot 1 set to unavailable: true
2024-07-10 21:41:27 INFO  DataBaseTestConfig - Creating DB connection
2024-07-10 21:41:27 INFO  DataBaseTestConfig - Creating DB connection
2024-07-10 21:41:27 INFO  DataBaseTestConfig - Creating DB connection
2024-07-10 21:41:27 INFO  DataBaseTestConfig - Creating DB connection
2024-07-10 21:41:27 INFO  DataBaseTestConfig - Closed Result Set
2024-07-10 21:41:27 INFO  DataBaseTestConfig - Closed Prepared Statement
2024-07-10 21:41:27 INFO  DataBaseTestConfig - Closed DB connection
2024-07-10 21:41:28 INFO  DataBaseTestConfig - Creating DB connection
2024-07-10 21:41:28 INFO  DataBaseTestConfig - Creating DB connection
2024-07-10 21:41:28 INFO  FareCalculatorService - Parking duration is less than or equal to 30 minutes. No charge.
2024-07-10 21:41:28 INFO  DataBaseTestConfig - Creating DB connection
2024-07-10 21:41:28 INFO  DataBaseTestConfig - Creating DB connection
2024-07-10 21:41:28 INFO  DataBaseTestConfig - Closed Prepared Statement
2024-07-10 21:41:28 INFO  ParkingSpotDAO - Updated parking spot 1 to available: true
2024-07-10 21:41:28 INFO  DataBaseTestConfig - Closed DB connection
2024-07-10 21:41:28 INFO  DataBaseTestConfig - Creating DB connection
2024-07-10 21:41:28 INFO  DataBaseTestConfig - Creating DB connection
2024-07-10 21:41:28 INFO  DataBaseTestConfig - Closed Prepared Statement
2024-07-10 21:41:28 INFO  DataBaseTestConfig - Closed DB connection
2024-07-10 21:41:28 INFO  DataBaseTestConfig - Creating DB connection
2024-07-10 21:41:28 INFO  DataBaseTestConfig - Creating DB connection
2024-07-10 21:41:28 INFO  DataBaseTestConfig - Closed Result Set
2024-07-10 21:41:28 INFO  DataBaseTestConfig - Closed Prepared Statement
2024-07-10 21:41:28 INFO  DataBaseTestConfig - Closed DB connection
2024-07-10 21:41:28 INFO  DataBaseTestConfig - Creating DB connection
2024-07-10 21:41:28 INFO  DataBaseTestConfig - Closed Prepared Statement
2024-07-10 21:41:28 INFO  ParkingSpotDAO - Updated parking spot 1 to available: false
2024-07-10 21:41:28 INFO  DataBaseTestConfig - Closed DB connection
2024-07-10 21:41:28 INFO  ParkingService - Parking spot 1 set to unavailable: true
2024-07-10 21:41:28 INFO  DataBaseTestConfig - Creating DB connection
2024-07-10 21:41:28 INFO  DataBaseTestConfig - Creating DB connection
2024-07-10 21:41:28 INFO  DataBaseTestConfig - Creating DB connection
2024-07-10 21:41:28 INFO  DataBaseTestConfig - Creating DB connection
2024-07-10 21:41:28 INFO  DataBaseTestConfig - Closed Result Set
2024-07-10 21:41:28 INFO  DataBaseTestConfig - Closed Prepared Statement
2024-07-10 21:41:28 INFO  DataBaseTestConfig - Closed DB connection
2024-07-10 21:41:29 INFO  DataBaseTestConfig - Creating DB connection
2024-07-10 21:41:29 INFO  DataBaseTestConfig - Creating DB connection
2024-07-10 21:41:29 INFO  FareCalculatorService - Parking duration is less than or equal to 30 minutes. No charge.
2024-07-10 21:41:29 INFO  DataBaseTestConfig - Creating DB connection
2024-07-10 21:41:29 INFO  DataBaseTestConfig - Creating DB connection
2024-07-10 21:41:29 INFO  DataBaseTestConfig - Closed Prepared Statement
2024-07-10 21:41:29 INFO  ParkingSpotDAO - Updated parking spot 1 to available: true
2024-07-10 21:41:29 INFO  DataBaseTestConfig - Closed DB connection
2024-07-10 21:41:29 INFO  DataBaseTestConfig - Creating DB connection
2024-07-10 21:41:29 INFO  DataBaseTestConfig - Creating DB connection
2024-07-10 21:41:29 INFO  DataBaseTestConfig - Closed Result Set
2024-07-10 21:41:29 INFO  DataBaseTestConfig - Closed Prepared Statement
2024-07-10 21:41:29 INFO  DataBaseTestConfig - Closed DB connection
2024-07-10 21:41:30 INFO  DataBaseTestConfig - Creating DB connection
2024-07-10 21:41:30 INFO  DataBaseTestConfig - Closed Prepared Statement
2024-07-10 21:41:30 INFO  DataBaseTestConfig - Closed DB connection
2024-07-10 21:41:30 INFO  DataBaseTestConfig - Creating DB connection
2024-07-10 21:41:30 INFO  DataBaseTestConfig - Creating DB connection
2024-07-10 21:41:30 INFO  DataBaseTestConfig - Closed Result Set
2024-07-10 21:41:30 INFO  DataBaseTestConfig - Closed Prepared Statement
2024-07-10 21:41:30 INFO  DataBaseTestConfig - Closed DB connection
2024-07-10 21:41:30 INFO  DataBaseTestConfig - Creating DB connection
2024-07-10 21:41:30 INFO  DataBaseTestConfig - Closed Prepared Statement
2024-07-10 21:41:30 INFO  ParkingSpotDAO - Updated parking spot 1 to available: false
2024-07-10 21:41:30 INFO  DataBaseTestConfig - Closed DB connection
2024-07-10 21:41:30 INFO  ParkingService - Parking spot 1 set to unavailable: true
2024-07-10 21:41:30 INFO  DataBaseTestConfig - Creating DB connection
2024-07-10 21:41:30 INFO  DataBaseTestConfig - Creating DB connection
2024-07-10 21:41:30 INFO  DataBaseTestConfig - Creating DB connection
2024-07-10 21:41:30 INFO  DataBaseTestConfig - Creating DB connection
2024-07-10 21:41:30 INFO  DataBaseTestConfig - Closed Result Set
2024-07-10 21:41:30 INFO  DataBaseTestConfig - Closed Prepared Statement
2024-07-10 21:41:30 INFO  DataBaseTestConfig - Closed DB connection
