-------------------------------------------------------------------------------
Test set: com.parkit.parkingsystem.integration.ParkingDataBaseIT
-------------------------------------------------------------------------------
Tests run: 2, Failures: 1, Errors: 0, Skipped: 0, Time elapsed: 4.758 s <<< FAILURE! - in com.parkit.parkingsystem.integration.ParkingDataBaseIT
testParkingLotExit  Time elapsed: 3.123 s  <<< FAILURE!
org.opentest4j.AssertionFailedError: Ticket should be present ==> expected: <true> but was: <false>
	at com.parkit.parkingsystem.integration.ParkingDataBaseIT.testParkingLotExit(ParkingDataBaseIT.java:75)

