<?xml version="1.0" encoding="UTF-8"?>
<testsuite xmlns:xsi="http://www.w3.org/2001/XMLSchema-instance" xsi:noNamespaceSchemaLocation="https://maven.apache.org/surefire/maven-surefire-plugin/xsd/surefire-test-report.xsd" name="com.parkit.parkingsystem.integration.ParkingDataBaseIT" time="3.305" tests="4" errors="0" skipped="0" failures="2">
  <properties>
[...]
</properties>
  <testcase name="testParkingLotExitRecurringUser" classname="com.parkit.parkingsystem.integration.ParkingDataBaseIT" time="2.512">
    <failure message="Fare should be calculated with a 5% discount for recurring user ==&gt; expected: &lt;1.43&gt; but was: &lt;0.0&gt;" type="org.opentest4j.AssertionFailedError"><![CDATA[org.opentest4j.AssertionFailedError: Fare should be calculated with a 5% discount for recurring user ==> expected: <1.43> but was: <0.0>
	at com.parkit.parkingsystem.integration.ParkingDataBaseIT.testParkingLotExitRecurringUser(ParkingDataBaseIT.java:161)
]]></failure>
    <system-out><![CDATA[2024-07-02 18:41:54 INFO  DataBaseTestConfig - Create DB connection
2024-07-02 18:41:55 INFO  DataBaseTestConfig - Closing Prepared Statement
2024-07-02 18:41:55 INFO  DataBaseTestConfig - Closing Prepared Statement
2024-07-02 18:41:55 INFO  DataBaseTestConfig - Closing DB connection
Please type the vehicle registration number and press enter key
2024-07-02 18:41:55 INFO  DataBaseTestConfig - Create DB connection
Please select vehicle type from menu
1 CAR
2 BIKE
2024-07-02 18:41:55 INFO  DataBaseTestConfig - Create DB connection
2024-07-02 18:41:56 INFO  DataBaseTestConfig - Closing Result Set
2024-07-02 18:41:56 INFO  DataBaseTestConfig - Closing Prepared Statement
2024-07-02 18:41:56 INFO  DataBaseTestConfig - Closing DB connection
2024-07-02 18:41:56 INFO  DataBaseTestConfig - Create DB connection
2024-07-02 18:41:56 INFO  DataBaseTestConfig - Closing Prepared Statement
2024-07-02 18:41:56 INFO  ParkingSpotDAO - Updated parking spot 1 to available: false
2024-07-02 18:41:56 INFO  DataBaseTestConfig - Closing DB connection
2024-07-02 18:41:56 INFO  ParkingService - Parking spot 1 set to unavailable: true
2024-07-02 18:41:56 INFO  DataBaseTestConfig - Create DB connection
Generated Ticket and saved in DB
Please park your vehicle in spot number:1
Recorded in-time for vehicle number:ABCDEF is:Tue Jul 02 18:41:56 CEST 2024
2024-07-02 18:41:56 INFO  DataBaseTestConfig - Create DB connection
2024-07-02 18:41:56 INFO  DataBaseTestConfig - Create DB connection
Please type the vehicle registration number and press enter key
2024-07-02 18:41:56 INFO  DataBaseTestConfig - Create DB connection
2024-07-02 18:41:56 INFO  DataBaseTestConfig - Create DB connection
2024-07-02 18:41:56 INFO  FareCalculatorService - Parking duration is less than or equal to 30 minutes. No charge.
2024-07-02 18:41:56 INFO  DataBaseTestConfig - Create DB connection
2024-07-02 18:41:56 INFO  DataBaseTestConfig - Create DB connection
2024-07-02 18:41:56 INFO  DataBaseTestConfig - Closing Prepared Statement
2024-07-02 18:41:56 INFO  ParkingSpotDAO - Updated parking spot 1 to available: true
2024-07-02 18:41:56 INFO  DataBaseTestConfig - Closing DB connection
Please pay the parking fare: null
You have stayed 0 hours and 0 minutes in our parking.
Recorded out-time for vehicle number: ABCDEF is: Tue Jul 02 18:41:56 CEST 2024
Please type the vehicle registration number and press enter key
2024-07-02 18:41:56 INFO  DataBaseTestConfig - Create DB connection
Please select vehicle type from menu
1 CAR
2 BIKE
2024-07-02 18:41:56 INFO  DataBaseTestConfig - Create DB connection
2024-07-02 18:41:56 INFO  DataBaseTestConfig - Closing Result Set
2024-07-02 18:41:56 INFO  DataBaseTestConfig - Closing Prepared Statement
2024-07-02 18:41:56 INFO  DataBaseTestConfig - Closing DB connection
2024-07-02 18:41:56 INFO  DataBaseTestConfig - Create DB connection
2024-07-02 18:41:56 INFO  DataBaseTestConfig - Closing Prepared Statement
2024-07-02 18:41:56 INFO  ParkingSpotDAO - Updated parking spot 1 to available: false
2024-07-02 18:41:56 INFO  DataBaseTestConfig - Closing DB connection
2024-07-02 18:41:56 INFO  ParkingService - Parking spot 1 set to unavailable: true
2024-07-02 18:41:56 INFO  DataBaseTestConfig - Create DB connection
Generated Ticket and saved in DB
Please park your vehicle in spot number:1
Recorded in-time for vehicle number:ABCDEF is:Tue Jul 02 18:41:56 CEST 2024
2024-07-02 18:41:56 INFO  DataBaseTestConfig - Create DB connection
2024-07-02 18:41:56 INFO  DataBaseTestConfig - Create DB connection
Please type the vehicle registration number and press enter key
2024-07-02 18:41:56 INFO  DataBaseTestConfig - Create DB connection
2024-07-02 18:41:56 INFO  DataBaseTestConfig - Create DB connection
2024-07-02 18:41:56 INFO  FareCalculatorService - Parking duration is less than or equal to 30 minutes. No charge.
2024-07-02 18:41:56 INFO  DataBaseTestConfig - Create DB connection
2024-07-02 18:41:56 INFO  DataBaseTestConfig - Create DB connection
2024-07-02 18:41:56 INFO  DataBaseTestConfig - Closing Prepared Statement
2024-07-02 18:41:56 INFO  ParkingSpotDAO - Updated parking spot 1 to available: true
2024-07-02 18:41:56 INFO  DataBaseTestConfig - Closing DB connection
Please pay the parking fare: null
You have stayed 0 hours and 0 minutes in our parking.
Recorded out-time for vehicle number: ABCDEF is: Tue Jul 02 18:41:56 CEST 2024
2024-07-02 18:41:56 INFO  DataBaseTestConfig - Create DB connection
]]></system-out>
  </testcase>
  <testcase name="testParkingLotExitWithLongStay" classname="com.parkit.parkingsystem.integration.ParkingDataBaseIT" time="0.319">
    <failure message="Fare should be calculated for long stay ==&gt; expected: &lt;true&gt; but was: &lt;false&gt;" type="org.opentest4j.AssertionFailedError"><![CDATA[org.opentest4j.AssertionFailedError: Fare should be calculated for long stay ==> expected: <true> but was: <false>
	at com.parkit.parkingsystem.integration.ParkingDataBaseIT.testParkingLotExitWithLongStay(ParkingDataBaseIT.java:131)
]]></failure>
    <system-out><![CDATA[2024-07-02 18:41:56 INFO  DataBaseTestConfig - Create DB connection
2024-07-02 18:41:56 INFO  DataBaseTestConfig - Closing Prepared Statement
2024-07-02 18:41:56 INFO  DataBaseTestConfig - Closing Prepared Statement
2024-07-02 18:41:56 INFO  DataBaseTestConfig - Closing DB connection
Please type the vehicle registration number and press enter key
2024-07-02 18:41:56 INFO  DataBaseTestConfig - Create DB connection
Please select vehicle type from menu
1 CAR
2 BIKE
2024-07-02 18:41:56 INFO  DataBaseTestConfig - Create DB connection
2024-07-02 18:41:56 INFO  DataBaseTestConfig - Closing Result Set
2024-07-02 18:41:56 INFO  DataBaseTestConfig - Closing Prepared Statement
2024-07-02 18:41:56 INFO  DataBaseTestConfig - Closing DB connection
2024-07-02 18:41:56 INFO  DataBaseTestConfig - Create DB connection
2024-07-02 18:41:56 INFO  DataBaseTestConfig - Closing Prepared Statement
2024-07-02 18:41:56 INFO  ParkingSpotDAO - Updated parking spot 1 to available: false
2024-07-02 18:41:56 INFO  DataBaseTestConfig - Closing DB connection
2024-07-02 18:41:56 INFO  ParkingService - Parking spot 1 set to unavailable: true
2024-07-02 18:41:56 INFO  DataBaseTestConfig - Create DB connection
Generated Ticket and saved in DB
Please park your vehicle in spot number:1
Recorded in-time for vehicle number:ABCDEF is:Tue Jul 02 18:41:56 CEST 2024
2024-07-02 18:41:56 INFO  DataBaseTestConfig - Create DB connection
2024-07-02 18:41:56 INFO  DataBaseTestConfig - Create DB connection
Please type the vehicle registration number and press enter key
2024-07-02 18:41:56 INFO  DataBaseTestConfig - Create DB connection
2024-07-02 18:41:56 INFO  DataBaseTestConfig - Create DB connection
2024-07-02 18:41:56 ERROR FareCalculatorService - Out time provided is incorrect: Tue Jul 02 18:41:56 CEST 2024
2024-07-02 18:41:56 ERROR ParkingService - Unable to process exiting vehicle
java.lang.IllegalArgumentException: Out time provided is incorrect: Tue Jul 02 18:41:56 CEST 2024
	at com.parkit.parkingsystem.service.FareCalculatorService.calculateFare(FareCalculatorService.java:17) ~[classes/:?]
	at com.parkit.parkingsystem.service.ParkingService.processExitingVehicle(ParkingService.java:75) ~[classes/:?]
	at com.parkit.parkingsystem.integration.ParkingDataBaseIT.testParkingLotExitWithLongStay(ParkingDataBaseIT.java:111) ~[test-classes/:?]
	at jdk.internal.reflect.NativeMethodAccessorImpl.invoke0(Native Method) ~[?:?]
	at jdk.internal.reflect.NativeMethodAccessorImpl.invoke(NativeMethodAccessorImpl.java:77) ~[?:?]
	at jdk.internal.reflect.DelegatingMethodAccessorImpl.invoke(DelegatingMethodAccessorImpl.java:43) ~[?:?]
	at java.lang.reflect.Method.invoke(Method.java:568) ~[?:?]
	at org.junit.platform.commons.util.ReflectionUtils.invokeMethod(ReflectionUtils.java:532) ~[junit-platform-commons-1.3.2.jar:1.3.2]
	at org.junit.jupiter.engine.execution.ExecutableInvoker.invoke(ExecutableInvoker.java:115) ~[junit-jupiter-engine-5.3.2.jar:5.3.2]
	at org.junit.jupiter.engine.descriptor.TestMethodTestDescriptor.lambda$invokeTestMethod$6(TestMethodTestDescriptor.java:171) ~[junit-jupiter-engine-5.3.2.jar:5.3.2]
	at org.junit.platform.engine.support.hierarchical.ThrowableCollector.execute(ThrowableCollector.java:72) ~[junit-platform-engine-1.3.2.jar:1.3.2]
	at org.junit.jupiter.engine.descriptor.TestMethodTestDescriptor.invokeTestMethod(TestMethodTestDescriptor.java:167) ~[junit-jupiter-engine-5.3.2.jar:5.3.2]
	at org.junit.jupiter.engine.descriptor.TestMethodTestDescriptor.execute(TestMethodTestDescriptor.java:114) ~[junit-jupiter-engine-5.3.2.jar:5.3.2]
	at org.junit.jupiter.engine.descriptor.TestMethodTestDescriptor.execute(TestMethodTestDescriptor.java:59) ~[junit-jupiter-engine-5.3.2.jar:5.3.2]
	at org.junit.platform.engine.support.hierarchical.NodeTestTask.lambda$executeRecursively$4(NodeTestTask.java:108) ~[junit-platform-engine-1.3.2.jar:1.3.2]
	at org.junit.platform.engine.support.hierarchical.ThrowableCollector.execute(ThrowableCollector.java:72) ~[junit-platform-engine-1.3.2.jar:1.3.2]
	at org.junit.platform.engine.support.hierarchical.NodeTestTask.executeRecursively(NodeTestTask.java:98) ~[junit-platform-engine-1.3.2.jar:1.3.2]
	at org.junit.platform.engine.support.hierarchical.NodeTestTask.execute(NodeTestTask.java:74) ~[junit-platform-engine-1.3.2.jar:1.3.2]
	at java.util.ArrayList.forEach(ArrayList.java:1511) ~[?:?]
	at org.junit.platform.engine.support.hierarchical.SameThreadHierarchicalTestExecutorService.invokeAll(SameThreadHierarchicalTestExecutorService.java:38) ~[junit-platform-engine-1.3.2.jar:1.3.2]
	at org.junit.platform.engine.support.hierarchical.NodeTestTask.lambda$executeRecursively$4(NodeTestTask.java:112) ~[junit-platform-engine-1.3.2.jar:1.3.2]
	at org.junit.platform.engine.support.hierarchical.ThrowableCollector.execute(ThrowableCollector.java:72) ~[junit-platform-engine-1.3.2.jar:1.3.2]
	at org.junit.platform.engine.support.hierarchical.NodeTestTask.executeRecursively(NodeTestTask.java:98) ~[junit-platform-engine-1.3.2.jar:1.3.2]
	at org.junit.platform.engine.support.hierarchical.NodeTestTask.execute(NodeTestTask.java:74) ~[junit-platform-engine-1.3.2.jar:1.3.2]
	at java.util.ArrayList.forEach(ArrayList.java:1511) ~[?:?]
	at org.junit.platform.engine.support.hierarchical.SameThreadHierarchicalTestExecutorService.invokeAll(SameThreadHierarchicalTestExecutorService.java:38) ~[junit-platform-engine-1.3.2.jar:1.3.2]
	at org.junit.platform.engine.support.hierarchical.NodeTestTask.lambda$executeRecursively$4(NodeTestTask.java:112) ~[junit-platform-engine-1.3.2.jar:1.3.2]
	at org.junit.platform.engine.support.hierarchical.ThrowableCollector.execute(ThrowableCollector.java:72) ~[junit-platform-engine-1.3.2.jar:1.3.2]
	at org.junit.platform.engine.support.hierarchical.NodeTestTask.executeRecursively(NodeTestTask.java:98) ~[junit-platform-engine-1.3.2.jar:1.3.2]
	at org.junit.platform.engine.support.hierarchical.NodeTestTask.execute(NodeTestTask.java:74) ~[junit-platform-engine-1.3.2.jar:1.3.2]
	at org.junit.platform.engine.support.hierarchical.SameThreadHierarchicalTestExecutorService.submit(SameThreadHierarchicalTestExecutorService.java:32) ~[junit-platform-engine-1.3.2.jar:1.3.2]
	at org.junit.platform.engine.support.hierarchical.HierarchicalTestExecutor.execute(HierarchicalTestExecutor.java:57) ~[junit-platform-engine-1.3.2.jar:1.3.2]
	at org.junit.platform.engine.support.hierarchical.HierarchicalTestEngine.execute(HierarchicalTestEngine.java:51) ~[junit-platform-engine-1.3.2.jar:1.3.2]
	at org.junit.platform.launcher.core.DefaultLauncher.execute(DefaultLauncher.java:220) ~[junit-platform-launcher-1.3.1.jar:1.3.1]
	at org.junit.platform.launcher.core.DefaultLauncher.lambda$execute$6(DefaultLauncher.java:188) ~[junit-platform-launcher-1.3.1.jar:1.3.1]
	at org.junit.platform.launcher.core.DefaultLauncher.withInterceptedStreams(DefaultLauncher.java:202) [junit-platform-launcher-1.3.1.jar:1.3.1]
	at org.junit.platform.launcher.core.DefaultLauncher.execute(DefaultLauncher.java:181) [junit-platform-launcher-1.3.1.jar:1.3.1]
	at org.junit.platform.launcher.core.DefaultLauncher.execute(DefaultLauncher.java:128) [junit-platform-launcher-1.3.1.jar:1.3.1]
	at org.apache.maven.surefire.junitplatform.JUnitPlatformProvider.invokeAllTests(JUnitPlatformProvider.java:150) [surefire-junit-platform-2.22.2.jar:2.22.2]
	at org.apache.maven.surefire.junitplatform.JUnitPlatformProvider.invoke(JUnitPlatformProvider.java:124) [surefire-junit-platform-2.22.2.jar:2.22.2]
	at org.apache.maven.surefire.booter.ForkedBooter.invokeProviderInSameClassLoader(ForkedBooter.java:384) [surefire-booter-2.22.2.jar:2.22.2]
	at org.apache.maven.surefire.booter.ForkedBooter.runSuitesInProcess(ForkedBooter.java:345) [surefire-booter-2.22.2.jar:2.22.2]
	at org.apache.maven.surefire.booter.ForkedBooter.execute(ForkedBooter.java:126) [surefire-booter-2.22.2.jar:2.22.2]
	at org.apache.maven.surefire.booter.ForkedBooter.main(ForkedBooter.java:418) [surefire-booter-2.22.2.jar:2.22.2]
2024-07-02 18:41:56 INFO  DataBaseTestConfig - Create DB connection
2024-07-02 18:41:56 INFO  DataBaseTestConfig - Create DB connection
2024-07-02 18:41:56 INFO  DataBaseTestConfig - Create DB connection
2024-07-02 18:41:56 INFO  DataBaseTestConfig - Closing Prepared Statement
2024-07-02 18:41:56 INFO  ParkingSpotDAO - Updated parking spot 1 to available: true
2024-07-02 18:41:56 INFO  DataBaseTestConfig - Closing DB connection
2024-07-02 18:41:56 INFO  DataBaseTestConfig - Create DB connection
2024-07-02 18:41:56 INFO  DataBaseTestConfig - Closing Result Set
2024-07-02 18:41:56 INFO  DataBaseTestConfig - Closing Prepared Statement
2024-07-02 18:41:56 INFO  DataBaseTestConfig - Closing DB connection
]]></system-out>
  </testcase>
  <testcase name="testParkingLotExitWithShortStay" classname="com.parkit.parkingsystem.integration.ParkingDataBaseIT" time="0.293"/>
  <testcase name="testParkingACar" classname="com.parkit.parkingsystem.integration.ParkingDataBaseIT" time="0.162"/>
</testsuite>